{"/mnt/c/Users/Leke/Globepay/globepay/frontend/src/App.tsx": {"path":"/mnt/c/Users/Leke/Globepay/globepay/frontend/src/App.tsx","statementMap":{"0":{"start":{"line":1,"column":0},"end":{"line":1,"column":41}},"1":{"start":{"line":2,"column":0},"end":{"line":2,"column":74}},"2":{"start":{"line":3,"column":0},"end":{"line":3,"column":39}},"3":{"start":{"line":4,"column":0},"end":{"line":4,"column":32}},"4":{"start":{"line":5,"column":0},"end":{"line":5,"column":52}},"5":{"start":{"line":6,"column":0},"end":{"line":6,"column":64}},"6":{"start":{"line":7,"column":0},"end":{"line":7,"column":38}},"7":{"start":{"line":8,"column":0},"end":{"line":8,"column":42}},"8":{"start":{"line":9,"column":0},"end":{"line":9,"column":40}},"9":{"start":{"line":10,"column":0},"end":{"line":10,"column":38}},"10":{"start":{"line":11,"column":0},"end":{"line":11,"column":44}},"11":{"start":{"line":12,"column":0},"end":{"line":12,"column":38}},"12":{"start":{"line":13,"column":0},"end":{"line":13,"column":40}},"13":{"start":{"line":14,"column":0},"end":{"line":14,"column":44}},"14":{"start":{"line":15,"column":0},"end":{"line":15,"column":46}},"15":{"start":{"line":16,"column":0},"end":{"line":16,"column":52}},"16":{"start":{"line":17,"column":0},"end":{"line":17,"column":54}},"17":{"start":{"line":18,"column":0},"end":{"line":18,"column":66}},"18":{"start":{"line":20,"column":22},"end":{"line":142,"column":1}},"19":{"start":{"line":21,"column":2},"end":{"line":66,"column":9}},"20":{"start":{"line":23,"column":23},"end":{"line":23,"column":90}},"21":{"start":{"line":25,"column":23},"end":{"line":38,"column":5}},"22":{"start":{"line":26,"column":6},"end":{"line":37,"column":7}},"23":{"start":{"line":27,"column":34},"end":{"line":27,"column":91}},"24":{"start":{"line":28,"column":8},"end":{"line":32,"column":9}},"25":{"start":{"line":29,"column":10},"end":{"line":29,"column":57}},"26":{"start":{"line":31,"column":10},"end":{"line":31,"column":60}},"27":{"start":{"line":33,"column":13},"end":{"line":37,"column":7}},"28":{"start":{"line":34,"column":8},"end":{"line":34,"column":55}},"29":{"start":{"line":36,"column":8},"end":{"line":36,"column":58}},"30":{"start":{"line":40,"column":4},"end":{"line":45,"column":5}},"31":{"start":{"line":41,"column":6},"end":{"line":41,"column":29}},"32":{"start":{"line":44,"column":6},"end":{"line":44,"column":27}},"33":{"start":{"line":48,"column":23},"end":{"line":48,"column":72}},"34":{"start":{"line":49,"column":36},"end":{"line":59,"column":5}},"35":{"start":{"line":50,"column":27},"end":{"line":50,"column":94}},"36":{"start":{"line":52,"column":6},"end":{"line":58,"column":7}},"37":{"start":{"line":53,"column":8},"end":{"line":57,"column":9}},"38":{"start":{"line":54,"column":10},"end":{"line":54,"column":57}},"39":{"start":{"line":56,"column":10},"end":{"line":56,"column":60}},"40":{"start":{"line":61,"column":4},"end":{"line":61,"column":67}},"41":{"start":{"line":63,"column":4},"end":{"line":65,"column":6}},"42":{"start":{"line":64,"column":6},"end":{"line":64,"column":72}},"43":{"start":{"line":68,"column":2},"end":{"line":141,"column":4}},"44":{"start":{"line":144,"column":0},"end":{"line":144,"column":19}}},"fnMap":{"0":{"name":"(anonymous_1)","decl":{"start":{"line":20,"column":22},"end":{"line":20,"column":25}},"loc":{"start":{"line":20,"column":27},"end":{"line":142,"column":1}}},"1":{"name":"(anonymous_2)","decl":{"start":{"line":21,"column":12},"end":{"line":21,"column":15}},"loc":{"start":{"line":21,"column":17},"end":{"line":66,"column":3}}},"2":{"name":"(anonymous_3)","decl":{"start":{"line":25,"column":23},"end":{"line":25,"column":24}},"loc":{"start":{"line":25,"column":62},"end":{"line":38,"column":5}}},"3":{"name":"(anonymous_4)","decl":{"start":{"line":49,"column":36},"end":{"line":49,"column":37}},"loc":{"start":{"line":49,"column":63},"end":{"line":59,"column":5}}},"4":{"name":"(anonymous_5)","decl":{"start":{"line":63,"column":11},"end":{"line":63,"column":14}},"loc":{"start":{"line":63,"column":16},"end":{"line":65,"column":5}}}},"branchMap":{"0":{"loc":{"start":{"line":26,"column":6},"end":{"line":37,"column":7}},"type":"if","locations":[{"start":{"line":26,"column":6},"end":{"line":37,"column":7}},{"start":{"line":33,"column":13},"end":{"line":37,"column":7}}]},"1":{"loc":{"start":{"line":28,"column":8},"end":{"line":32,"column":9}},"type":"if","locations":[{"start":{"line":28,"column":8},"end":{"line":32,"column":9}},{"start":{"line":30,"column":15},"end":{"line":32,"column":9}}]},"2":{"loc":{"start":{"line":33,"column":13},"end":{"line":37,"column":7}},"type":"if","locations":[{"start":{"line":33,"column":13},"end":{"line":37,"column":7}},{"start":{"line":35,"column":13},"end":{"line":37,"column":7}}]},"3":{"loc":{"start":{"line":40,"column":4},"end":{"line":45,"column":5}},"type":"if","locations":[{"start":{"line":40,"column":4},"end":{"line":45,"column":5}},{"start":{"line":42,"column":11},"end":{"line":45,"column":5}}]},"4":{"loc":{"start":{"line":52,"column":6},"end":{"line":58,"column":7}},"type":"if","locations":[{"start":{"line":52,"column":6},"end":{"line":58,"column":7}}]},"5":{"loc":{"start":{"line":52,"column":10},"end":{"line":52,"column":52}},"type":"binary-expr","locations":[{"start":{"line":52,"column":10},"end":{"line":52,"column":23}},{"start":{"line":52,"column":27},"end":{"line":52,"column":52}}]},"6":{"loc":{"start":{"line":53,"column":8},"end":{"line":57,"column":9}},"type":"if","locations":[{"start":{"line":53,"column":8},"end":{"line":57,"column":9}},{"start":{"line":55,"column":15},"end":{"line":57,"column":9}}]}},"s":{"0":0,"1":0,"2":0,"3":0,"4":0,"5":0,"6":0,"7":0,"8":0,"9":0,"10":0,"11":0,"12":0,"13":0,"14":0,"15":0,"16":0,"17":0,"18":0,"19":0,"20":0,"21":0,"22":0,"23":0,"24":0,"25":0,"26":0,"27":0,"28":0,"29":0,"30":0,"31":0,"32":0,"33":0,"34":0,"35":0,"36":0,"37":0,"38":0,"39":0,"40":0,"41":0,"42":0,"43":0,"44":0},"f":{"0":0,"1":0,"2":0,"3":0,"4":0},"b":{"0":[0,0],"1":[0,0],"2":[0,0],"3":[0,0],"4":[0],"5":[0,0],"6":[0,0]}}
,"/mnt/c/Users/Leke/Globepay/globepay/frontend/src/main.tsx": {"path":"/mnt/c/Users/Leke/Globepay/globepay/frontend/src/main.tsx","statementMap":{"0":{"start":{"line":1,"column":0},"end":{"line":1,"column":26}},"1":{"start":{"line":2,"column":0},"end":{"line":2,"column":40}},"2":{"start":{"line":3,"column":0},"end":{"line":3,"column":24}},"3":{"start":{"line":4,"column":0},"end":{"line":4,"column":21}},"4":{"start":{"line":6,"column":20},"end":{"line":6,"column":51}},"5":{"start":{"line":7,"column":0},"end":{"line":15,"column":1}},"6":{"start":{"line":8,"column":2},"end":{"line":12,"column":4}},"7":{"start":{"line":14,"column":2},"end":{"line":14,"column":51}}},"fnMap":{},"branchMap":{"0":{"loc":{"start":{"line":7,"column":0},"end":{"line":15,"column":1}},"type":"if","locations":[{"start":{"line":7,"column":0},"end":{"line":15,"column":1}},{"start":{"line":13,"column":7},"end":{"line":15,"column":1}}]}},"s":{"0":0,"1":0,"2":0,"3":0,"4":0,"5":0,"6":0,"7":0},"f":{},"b":{"0":[0,0]}}
,"/mnt/c/Users/Leke/Globepay/globepay/frontend/src/components/auth/BrowserTestLogin.tsx": {"path":"/mnt/c/Users/Leke/Globepay/globepay/frontend/src/components/auth/BrowserTestLogin.tsx","statementMap":{"0":{"start":{"line":1,"column":0},"end":{"line":1,"column":40}},"1":{"start":{"line":2,"column":0},"end":{"line":2,"column":47}},"2":{"start":{"line":3,"column":0},"end":{"line":3,"column":46}},"3":{"start":{"line":4,"column":0},"end":{"line":4,"column":45}},"4":{"start":{"line":6,"column":35},"end":{"line":170,"column":1}},"5":{"start":{"line":7,"column":28},"end":{"line":7,"column":62}},"6":{"start":{"line":8,"column":34},"end":{"line":8,"column":57}},"7":{"start":{"line":9,"column":38},"end":{"line":9,"column":58}},"8":{"start":{"line":10,"column":36},"end":{"line":10,"column":51}},"9":{"start":{"line":12,"column":19},"end":{"line":12,"column":32}},"10":{"start":{"line":13,"column":36},"end":{"line":13,"column":45}},"11":{"start":{"line":15,"column":26},"end":{"line":47,"column":3}},"12":{"start":{"line":16,"column":4},"end":{"line":16,"column":23}},"13":{"start":{"line":17,"column":4},"end":{"line":17,"column":22}},"14":{"start":{"line":19,"column":4},"end":{"line":46,"column":5}},"15":{"start":{"line":20,"column":6},"end":{"line":20,"column":62}},"16":{"start":{"line":21,"column":21},"end":{"line":21,"column":57}},"17":{"start":{"line":22,"column":6},"end":{"line":22,"column":43}},"18":{"start":{"line":25,"column":6},"end":{"line":31,"column":7}},"19":{"start":{"line":26,"column":8},"end":{"line":26,"column":52}},"20":{"start":{"line":27,"column":8},"end":{"line":27,"column":66}},"21":{"start":{"line":28,"column":8},"end":{"line":28,"column":52}},"22":{"start":{"line":30,"column":8},"end":{"line":30,"column":50}},"23":{"start":{"line":34,"column":6},"end":{"line":36,"column":15}},"24":{"start":{"line":35,"column":8},"end":{"line":35,"column":31}},"25":{"start":{"line":38,"column":6},"end":{"line":38,"column":41}},"26":{"start":{"line":39,"column":6},"end":{"line":43,"column":7}},"27":{"start":{"line":40,"column":8},"end":{"line":40,"column":65}},"28":{"start":{"line":42,"column":8},"end":{"line":42,"column":45}},"29":{"start":{"line":45,"column":6},"end":{"line":45,"column":26}},"30":{"start":{"line":49,"column":30},"end":{"line":51,"column":3}},"31":{"start":{"line":50,"column":4},"end":{"line":50,"column":27}},"32":{"start":{"line":53,"column":27},"end":{"line":55,"column":3}},"33":{"start":{"line":54,"column":4},"end":{"line":54,"column":24}},"34":{"start":{"line":57,"column":2},"end":{"line":169,"column":4}},"35":{"start":{"line":74,"column":27},"end":{"line":74,"column":51}},"36":{"start":{"line":84,"column":27},"end":{"line":84,"column":54}},"37":{"start":{"line":172,"column":0},"end":{"line":172,"column":32}}},"fnMap":{"0":{"name":"(anonymous_0)","decl":{"start":{"line":6,"column":35},"end":{"line":6,"column":38}},"loc":{"start":{"line":6,"column":40},"end":{"line":170,"column":1}}},"1":{"name":"(anonymous_1)","decl":{"start":{"line":15,"column":26},"end":{"line":15,"column":31}},"loc":{"start":{"line":15,"column":37},"end":{"line":47,"column":3}}},"2":{"name":"(anonymous_2)","decl":{"start":{"line":34,"column":17},"end":{"line":34,"column":20}},"loc":{"start":{"line":34,"column":22},"end":{"line":36,"column":7}}},"3":{"name":"(anonymous_3)","decl":{"start":{"line":49,"column":30},"end":{"line":49,"column":33}},"loc":{"start":{"line":49,"column":35},"end":{"line":51,"column":3}}},"4":{"name":"(anonymous_4)","decl":{"start":{"line":53,"column":27},"end":{"line":53,"column":30}},"loc":{"start":{"line":53,"column":32},"end":{"line":55,"column":3}}},"5":{"name":"(anonymous_5)","decl":{"start":{"line":74,"column":20},"end":{"line":74,"column":21}},"loc":{"start":{"line":74,"column":27},"end":{"line":74,"column":51}}},"6":{"name":"(anonymous_6)","decl":{"start":{"line":84,"column":20},"end":{"line":84,"column":21}},"loc":{"start":{"line":84,"column":27},"end":{"line":84,"column":54}}}},"branchMap":{"0":{"loc":{"start":{"line":25,"column":6},"end":{"line":31,"column":7}},"type":"if","locations":[{"start":{"line":25,"column":6},"end":{"line":31,"column":7}},{"start":{"line":29,"column":13},"end":{"line":31,"column":7}}]},"1":{"loc":{"start":{"line":39,"column":6},"end":{"line":43,"column":7}},"type":"if","locations":[{"start":{"line":39,"column":6},"end":{"line":43,"column":7}},{"start":{"line":41,"column":13},"end":{"line":43,"column":7}}]},"2":{"loc":{"start":{"line":40,"column":32},"end":{"line":40,"column":61}},"type":"binary-expr","locations":[{"start":{"line":40,"column":32},"end":{"line":40,"column":43}},{"start":{"line":40,"column":47},"end":{"line":40,"column":61}}]},"3":{"loc":{"start":{"line":103,"column":11},"end":{"line":103,"column":50}},"type":"cond-expr","locations":[{"start":{"line":103,"column":23},"end":{"line":103,"column":35}},{"start":{"line":103,"column":38},"end":{"line":103,"column":50}}]},"4":{"loc":{"start":{"line":136,"column":7},"end":{"line":148,"column":null}},"type":"binary-expr","locations":[{"start":{"line":136,"column":7},"end":{"line":136,"column":17}},{"start":{"line":137,"column":8},"end":{"line":147,"column":null}}]},"5":{"loc":{"start":{"line":142,"column":29},"end":{"line":142,"column":85}},"type":"cond-expr","locations":[{"start":{"line":142,"column":64},"end":{"line":142,"column":73}},{"start":{"line":142,"column":76},"end":{"line":142,"column":85}}]},"6":{"loc":{"start":{"line":143,"column":19},"end":{"line":143,"column":75}},"type":"cond-expr","locations":[{"start":{"line":143,"column":54},"end":{"line":143,"column":63}},{"start":{"line":143,"column":66},"end":{"line":143,"column":75}}]},"7":{"loc":{"start":{"line":144,"column":33},"end":{"line":144,"column":89}},"type":"cond-expr","locations":[{"start":{"line":144,"column":68},"end":{"line":144,"column":77}},{"start":{"line":144,"column":80},"end":{"line":144,"column":89}}]},"8":{"loc":{"start":{"line":151,"column":7},"end":{"line":166,"column":null}},"type":"binary-expr","locations":[{"start":{"line":151,"column":7},"end":{"line":151,"column":22}},{"start":{"line":151,"column":26},"end":{"line":151,"column":30}},{"start":{"line":152,"column":8},"end":{"line":165,"column":null}}]}},"s":{"0":0,"1":0,"2":0,"3":0,"4":0,"5":0,"6":0,"7":0,"8":0,"9":0,"10":0,"11":0,"12":0,"13":0,"14":0,"15":0,"16":0,"17":0,"18":0,"19":0,"20":0,"21":0,"22":0,"23":0,"24":0,"25":0,"26":0,"27":0,"28":0,"29":0,"30":0,"31":0,"32":0,"33":0,"34":0,"35":0,"36":0,"37":0},"f":{"0":0,"1":0,"2":0,"3":0,"4":0,"5":0,"6":0},"b":{"0":[0,0],"1":[0,0],"2":[0,0],"3":[0,0],"4":[0,0],"5":[0,0],"6":[0,0],"7":[0,0],"8":[0,0,0]}}
,"/mnt/c/Users/Leke/Globepay/globepay/frontend/src/components/auth/DebugLogin.tsx": {"path":"/mnt/c/Users/Leke/Globepay/globepay/frontend/src/components/auth/DebugLogin.tsx","statementMap":{"0":{"start":{"line":1,"column":0},"end":{"line":1,"column":51}},"1":{"start":{"line":2,"column":0},"end":{"line":2,"column":47}},"2":{"start":{"line":3,"column":0},"end":{"line":3,"column":55}},"3":{"start":{"line":5,"column":0},"end":{"line":5,"column":58}},"4":{"start":{"line":6,"column":0},"end":{"line":6,"column":45}},"5":{"start":{"line":8,"column":29},"end":{"line":188,"column":1}},"6":{"start":{"line":9,"column":28},"end":{"line":9,"column":68}},"7":{"start":{"line":10,"column":34},"end":{"line":10,"column":57}},"8":{"start":{"line":11,"column":36},"end":{"line":11,"column":82}},"9":{"start":{"line":12,"column":34},"end":{"line":12,"column":63}},"10":{"start":{"line":13,"column":32},"end":{"line":13,"column":47}},"11":{"start":{"line":15,"column":32},"end":{"line":15,"column":45}},"12":{"start":{"line":16,"column":19},"end":{"line":16,"column":32}},"13":{"start":{"line":17,"column":20},"end":{"line":17,"column":65}},"14":{"start":{"line":17,"column":54},"end":{"line":17,"column":64}},"15":{"start":{"line":20,"column":2},"end":{"line":22,"column":18}},"16":{"start":{"line":21,"column":4},"end":{"line":21,"column":50}},"17":{"start":{"line":24,"column":30},"end":{"line":44,"column":3}},"18":{"start":{"line":25,"column":4},"end":{"line":25,"column":21}},"19":{"start":{"line":26,"column":4},"end":{"line":26,"column":22}},"20":{"start":{"line":27,"column":4},"end":{"line":27,"column":23}},"21":{"start":{"line":29,"column":4},"end":{"line":43,"column":5}},"22":{"start":{"line":30,"column":6},"end":{"line":30,"column":71}},"23":{"start":{"line":31,"column":21},"end":{"line":31,"column":57}},"24":{"start":{"line":32,"column":6},"end":{"line":32,"column":53}},"25":{"start":{"line":33,"column":6},"end":{"line":33,"column":54}},"26":{"start":{"line":35,"column":6},"end":{"line":35,"column":51}},"27":{"start":{"line":36,"column":6},"end":{"line":40,"column":7}},"28":{"start":{"line":37,"column":8},"end":{"line":37,"column":33}},"29":{"start":{"line":39,"column":8},"end":{"line":39,"column":39}},"30":{"start":{"line":42,"column":6},"end":{"line":42,"column":24}},"31":{"start":{"line":46,"column":27},"end":{"line":73,"column":3}},"32":{"start":{"line":47,"column":4},"end":{"line":47,"column":21}},"33":{"start":{"line":48,"column":4},"end":{"line":48,"column":22}},"34":{"start":{"line":49,"column":4},"end":{"line":49,"column":23}},"35":{"start":{"line":51,"column":4},"end":{"line":72,"column":5}},"36":{"start":{"line":52,"column":6},"end":{"line":52,"column":72}},"37":{"start":{"line":53,"column":27},"end":{"line":53,"column":69}},"38":{"start":{"line":54,"column":6},"end":{"line":54,"column":62}},"39":{"start":{"line":56,"column":6},"end":{"line":62,"column":7}},"40":{"start":{"line":57,"column":8},"end":{"line":57,"column":69}},"41":{"start":{"line":58,"column":8},"end":{"line":58,"column":81}},"42":{"start":{"line":59,"column":13},"end":{"line":62,"column":7}},"43":{"start":{"line":60,"column":8},"end":{"line":60,"column":67}},"44":{"start":{"line":61,"column":8},"end":{"line":61,"column":72}},"45":{"start":{"line":64,"column":6},"end":{"line":64,"column":47}},"46":{"start":{"line":65,"column":6},"end":{"line":69,"column":7}},"47":{"start":{"line":66,"column":8},"end":{"line":66,"column":33}},"48":{"start":{"line":68,"column":8},"end":{"line":68,"column":36}},"49":{"start":{"line":71,"column":6},"end":{"line":71,"column":24}},"50":{"start":{"line":75,"column":27},"end":{"line":77,"column":3}},"51":{"start":{"line":76,"column":4},"end":{"line":76,"column":27}},"52":{"start":{"line":79,"column":36},"end":{"line":81,"column":3}},"53":{"start":{"line":80,"column":4},"end":{"line":80,"column":27}},"54":{"start":{"line":83,"column":34},"end":{"line":86,"column":3}},"55":{"start":{"line":84,"column":4},"end":{"line":84,"column":70}},"56":{"start":{"line":85,"column":4},"end":{"line":85,"column":68}},"57":{"start":{"line":88,"column":2},"end":{"line":187,"column":4}},"58":{"start":{"line":109,"column":27},"end":{"line":109,"column":51}},"59":{"start":{"line":119,"column":27},"end":{"line":119,"column":54}},"60":{"start":{"line":190,"column":0},"end":{"line":190,"column":26}}},"fnMap":{"0":{"name":"(anonymous_0)","decl":{"start":{"line":8,"column":29},"end":{"line":8,"column":32}},"loc":{"start":{"line":8,"column":34},"end":{"line":188,"column":1}}},"1":{"name":"(anonymous_1)","decl":{"start":{"line":17,"column":32},"end":{"line":17,"column":33}},"loc":{"start":{"line":17,"column":54},"end":{"line":17,"column":64}}},"2":{"name":"(anonymous_2)","decl":{"start":{"line":20,"column":12},"end":{"line":20,"column":15}},"loc":{"start":{"line":20,"column":17},"end":{"line":22,"column":3}}},"3":{"name":"(anonymous_3)","decl":{"start":{"line":24,"column":30},"end":{"line":24,"column":35}},"loc":{"start":{"line":24,"column":41},"end":{"line":44,"column":3}}},"4":{"name":"(anonymous_4)","decl":{"start":{"line":46,"column":27},"end":{"line":46,"column":32}},"loc":{"start":{"line":46,"column":38},"end":{"line":73,"column":3}}},"5":{"name":"(anonymous_5)","decl":{"start":{"line":75,"column":27},"end":{"line":75,"column":30}},"loc":{"start":{"line":75,"column":32},"end":{"line":77,"column":3}}},"6":{"name":"(anonymous_6)","decl":{"start":{"line":79,"column":36},"end":{"line":79,"column":39}},"loc":{"start":{"line":79,"column":41},"end":{"line":81,"column":3}}},"7":{"name":"(anonymous_7)","decl":{"start":{"line":83,"column":34},"end":{"line":83,"column":37}},"loc":{"start":{"line":83,"column":39},"end":{"line":86,"column":3}}},"8":{"name":"(anonymous_8)","decl":{"start":{"line":109,"column":20},"end":{"line":109,"column":21}},"loc":{"start":{"line":109,"column":27},"end":{"line":109,"column":51}}},"9":{"name":"(anonymous_9)","decl":{"start":{"line":119,"column":20},"end":{"line":119,"column":21}},"loc":{"start":{"line":119,"column":27},"end":{"line":119,"column":54}}}},"branchMap":{"0":{"loc":{"start":{"line":36,"column":6},"end":{"line":40,"column":7}},"type":"if","locations":[{"start":{"line":36,"column":6},"end":{"line":40,"column":7}},{"start":{"line":38,"column":13},"end":{"line":40,"column":7}}]},"1":{"loc":{"start":{"line":56,"column":6},"end":{"line":62,"column":7}},"type":"if","locations":[{"start":{"line":56,"column":6},"end":{"line":62,"column":7}},{"start":{"line":59,"column":13},"end":{"line":62,"column":7}}]},"2":{"loc":{"start":{"line":59,"column":13},"end":{"line":62,"column":7}},"type":"if","locations":[{"start":{"line":59,"column":13},"end":{"line":62,"column":7}}]},"3":{"loc":{"start":{"line":61,"column":21},"end":{"line":61,"column":70}},"type":"binary-expr","locations":[{"start":{"line":61,"column":21},"end":{"line":61,"column":52}},{"start":{"line":61,"column":56},"end":{"line":61,"column":70}}]},"4":{"loc":{"start":{"line":65,"column":6},"end":{"line":69,"column":7}},"type":"if","locations":[{"start":{"line":65,"column":6},"end":{"line":69,"column":7}},{"start":{"line":67,"column":13},"end":{"line":69,"column":7}}]},"5":{"loc":{"start":{"line":157,"column":7},"end":{"line":169,"column":null}},"type":"binary-expr","locations":[{"start":{"line":157,"column":7},"end":{"line":157,"column":15}},{"start":{"line":158,"column":8},"end":{"line":168,"column":null}}]},"6":{"loc":{"start":{"line":172,"column":7},"end":{"line":184,"column":null}},"type":"binary-expr","locations":[{"start":{"line":172,"column":7},"end":{"line":172,"column":16}},{"start":{"line":173,"column":8},"end":{"line":183,"column":null}}]}},"s":{"0":0,"1":0,"2":0,"3":0,"4":0,"5":0,"6":0,"7":0,"8":0,"9":0,"10":0,"11":0,"12":0,"13":0,"14":0,"15":0,"16":0,"17":0,"18":0,"19":0,"20":0,"21":0,"22":0,"23":0,"24":0,"25":0,"26":0,"27":0,"28":0,"29":0,"30":0,"31":0,"32":0,"33":0,"34":0,"35":0,"36":0,"37":0,"38":0,"39":0,"40":0,"41":0,"42":0,"43":0,"44":0,"45":0,"46":0,"47":0,"48":0,"49":0,"50":0,"51":0,"52":0,"53":0,"54":0,"55":0,"56":0,"57":0,"58":0,"59":0,"60":0},"f":{"0":0,"1":0,"2":0,"3":0,"4":0,"5":0,"6":0,"7":0,"8":0,"9":0},"b":{"0":[0,0],"1":[0,0],"2":[0],"3":[0,0],"4":[0,0],"5":[0,0],"6":[0,0]}}
,"/mnt/c/Users/Leke/Globepay/globepay/frontend/src/components/auth/Login.tsx": {"path":"/mnt/c/Users/Leke/Globepay/globepay/frontend/src/components/auth/Login.tsx","statementMap":{"0":{"start":{"line":1,"column":0},"end":{"line":1,"column":40}},"1":{"start":{"line":2,"column":0},"end":{"line":2,"column":53}},"2":{"start":{"line":3,"column":0},"end":{"line":3,"column":55}},"3":{"start":{"line":4,"column":0},"end":{"line":4,"column":46}},"4":{"start":{"line":7,"column":24},"end":{"line":195,"column":1}},"5":{"start":{"line":8,"column":19},"end":{"line":8,"column":32}},"6":{"start":{"line":9,"column":19},"end":{"line":9,"column":45}},"7":{"start":{"line":10,"column":29},"end":{"line":10,"column":74}},"8":{"start":{"line":10,"column":63},"end":{"line":10,"column":73}},"9":{"start":{"line":12,"column":28},"end":{"line":12,"column":40}},"10":{"start":{"line":13,"column":34},"end":{"line":13,"column":46}},"11":{"start":{"line":14,"column":42},"end":{"line":14,"column":57}},"12":{"start":{"line":16,"column":23},"end":{"line":32,"column":3}},"13":{"start":{"line":17,"column":4},"end":{"line":17,"column":23}},"14":{"start":{"line":18,"column":4},"end":{"line":18,"column":40}},"15":{"start":{"line":20,"column":4},"end":{"line":31,"column":5}},"16":{"start":{"line":21,"column":6},"end":{"line":21,"column":46}},"17":{"start":{"line":22,"column":21},"end":{"line":22,"column":72}},"18":{"start":{"line":23,"column":6},"end":{"line":23,"column":55}},"19":{"start":{"line":26,"column":6},"end":{"line":26,"column":45}},"20":{"start":{"line":27,"column":6},"end":{"line":27,"column":29}},"21":{"start":{"line":29,"column":6},"end":{"line":29,"column":48}},"22":{"start":{"line":34,"column":2},"end":{"line":194,"column":4}},"23":{"start":{"line":113,"column":37},"end":{"line":113,"column":61}},"24":{"start":{"line":129,"column":41},"end":{"line":129,"column":68}},"25":{"start":{"line":134,"column":39},"end":{"line":134,"column":69}},"26":{"start":{"line":197,"column":0},"end":{"line":197,"column":21}}},"fnMap":{"0":{"name":"(anonymous_0)","decl":{"start":{"line":7,"column":24},"end":{"line":7,"column":27}},"loc":{"start":{"line":7,"column":29},"end":{"line":195,"column":1}}},"1":{"name":"(anonymous_1)","decl":{"start":{"line":10,"column":41},"end":{"line":10,"column":42}},"loc":{"start":{"line":10,"column":63},"end":{"line":10,"column":73}}},"2":{"name":"(anonymous_2)","decl":{"start":{"line":16,"column":23},"end":{"line":16,"column":28}},"loc":{"start":{"line":16,"column":52},"end":{"line":32,"column":3}}},"3":{"name":"(anonymous_3)","decl":{"start":{"line":113,"column":30},"end":{"line":113,"column":31}},"loc":{"start":{"line":113,"column":37},"end":{"line":113,"column":61}}},"4":{"name":"(anonymous_4)","decl":{"start":{"line":129,"column":34},"end":{"line":129,"column":35}},"loc":{"start":{"line":129,"column":41},"end":{"line":129,"column":68}}},"5":{"name":"(anonymous_5)","decl":{"start":{"line":134,"column":33},"end":{"line":134,"column":36}},"loc":{"start":{"line":134,"column":39},"end":{"line":134,"column":69}}}},"branchMap":{"0":{"loc":{"start":{"line":97,"column":15},"end":{"line":100,"column":null}},"type":"binary-expr","locations":[{"start":{"line":97,"column":15},"end":{"line":97,"column":20}},{"start":{"line":98,"column":16},"end":{"line":99,"column":null}}]},"1":{"loc":{"start":{"line":127,"column":30},"end":{"line":127,"column":64}},"type":"cond-expr","locations":[{"start":{"line":127,"column":45},"end":{"line":127,"column":51}},{"start":{"line":127,"column":54},"end":{"line":127,"column":64}}]},"2":{"loc":{"start":{"line":137,"column":27},"end":{"line":137,"column":73}},"type":"cond-expr","locations":[{"start":{"line":137,"column":42},"end":{"line":137,"column":58}},{"start":{"line":137,"column":61},"end":{"line":137,"column":73}}]},"3":{"loc":{"start":{"line":157,"column":19},"end":{"line":157,"column":54}},"type":"cond-expr","locations":[{"start":{"line":157,"column":29},"end":{"line":157,"column":44}},{"start":{"line":157,"column":47},"end":{"line":157,"column":54}}]}},"s":{"0":1,"1":1,"2":1,"3":1,"4":1,"5":1,"6":1,"7":1,"8":2,"9":1,"10":1,"11":1,"12":1,"13":0,"14":0,"15":0,"16":0,"17":0,"18":0,"19":0,"20":0,"21":0,"22":1,"23":0,"24":0,"25":0,"26":1},"f":{"0":1,"1":2,"2":0,"3":0,"4":0,"5":0},"b":{"0":[1,0],"1":[0,1],"2":[0,1],"3":[0,1]}}
,"/mnt/c/Users/Leke/Globepay/globepay/frontend/src/components/auth/Signup.tsx": {"path":"/mnt/c/Users/Leke/Globepay/globepay/frontend/src/components/auth/Signup.tsx","statementMap":{"0":{"start":{"line":1,"column":0},"end":{"line":1,"column":40}},"1":{"start":{"line":2,"column":0},"end":{"line":2,"column":53}},"2":{"start":{"line":3,"column":0},"end":{"line":3,"column":46}},"3":{"start":{"line":5,"column":25},"end":{"line":409,"column":1}},"4":{"start":{"line":6,"column":34},"end":{"line":14,"column":4}},"5":{"start":{"line":15,"column":48},"end":{"line":15,"column":60}},"6":{"start":{"line":16,"column":42},"end":{"line":16,"column":57}},"7":{"start":{"line":17,"column":28},"end":{"line":17,"column":40}},"8":{"start":{"line":18,"column":19},"end":{"line":18,"column":32}},"9":{"start":{"line":19,"column":30},"end":{"line":19,"column":39}},"10":{"start":{"line":21,"column":23},"end":{"line":24,"column":3}},"11":{"start":{"line":22,"column":28},"end":{"line":22,"column":36}},"12":{"start":{"line":23,"column":4},"end":{"line":23,"column":56}},"13":{"start":{"line":23,"column":27},"end":{"line":23,"column":53}},"14":{"start":{"line":26,"column":23},"end":{"line":56,"column":3}},"15":{"start":{"line":27,"column":4},"end":{"line":27,"column":23}},"16":{"start":{"line":28,"column":4},"end":{"line":28,"column":41}},"17":{"start":{"line":31,"column":4},"end":{"line":34,"column":5}},"18":{"start":{"line":32,"column":6},"end":{"line":32,"column":41}},"19":{"start":{"line":33,"column":6},"end":{"line":33,"column":13}},"20":{"start":{"line":36,"column":4},"end":{"line":55,"column":5}},"21":{"start":{"line":37,"column":6},"end":{"line":37,"column":63}},"22":{"start":{"line":38,"column":27},"end":{"line":38,"column":49}},"23":{"start":{"line":39,"column":6},"end":{"line":39,"column":62}},"24":{"start":{"line":42,"column":6},"end":{"line":44,"column":14}},"25":{"start":{"line":43,"column":8},"end":{"line":43,"column":31}},"26":{"start":{"line":46,"column":6},"end":{"line":46,"column":42}},"27":{"start":{"line":48,"column":6},"end":{"line":54,"column":7}},"28":{"start":{"line":49,"column":8},"end":{"line":49,"column":74}},"29":{"start":{"line":50,"column":13},"end":{"line":54,"column":7}},"30":{"start":{"line":51,"column":8},"end":{"line":51,"column":22}},"31":{"start":{"line":53,"column":8},"end":{"line":53,"column":53}},"32":{"start":{"line":59,"column":30},"end":{"line":65,"column":3}},"33":{"start":{"line":60,"column":4},"end":{"line":60,"column":40}},"34":{"start":{"line":60,"column":31},"end":{"line":60,"column":40}},"35":{"start":{"line":61,"column":4},"end":{"line":61,"column":38}},"36":{"start":{"line":61,"column":29},"end":{"line":61,"column":38}},"37":{"start":{"line":62,"column":4},"end":{"line":62,"column":39}},"38":{"start":{"line":62,"column":30},"end":{"line":62,"column":39}},"39":{"start":{"line":63,"column":4},"end":{"line":63,"column":67}},"40":{"start":{"line":63,"column":58},"end":{"line":63,"column":67}},"41":{"start":{"line":64,"column":4},"end":{"line":64,"column":13}},"42":{"start":{"line":67,"column":27},"end":{"line":67,"column":65}},"43":{"start":{"line":68,"column":23},"end":{"line":68,"column":83}},"44":{"start":{"line":69,"column":24},"end":{"line":69,"column":84}},"45":{"start":{"line":71,"column":2},"end":{"line":408,"column":4}},"46":{"start":{"line":203,"column":37},"end":{"line":203,"column":67}},"47":{"start":{"line":246,"column":20},"end":{"line":247,"column":null}},"48":{"start":{"line":289,"column":37},"end":{"line":289,"column":71}},"49":{"start":{"line":411,"column":0},"end":{"line":411,"column":22}}},"fnMap":{"0":{"name":"(anonymous_0)","decl":{"start":{"line":5,"column":25},"end":{"line":5,"column":28}},"loc":{"start":{"line":5,"column":30},"end":{"line":409,"column":1}}},"1":{"name":"(anonymous_1)","decl":{"start":{"line":21,"column":23},"end":{"line":21,"column":24}},"loc":{"start":{"line":21,"column":86},"end":{"line":24,"column":3}}},"2":{"name":"(anonymous_2)","decl":{"start":{"line":23,"column":16},"end":{"line":23,"column":17}},"loc":{"start":{"line":23,"column":27},"end":{"line":23,"column":53}}},"3":{"name":"(anonymous_3)","decl":{"start":{"line":26,"column":23},"end":{"line":26,"column":28}},"loc":{"start":{"line":26,"column":52},"end":{"line":56,"column":3}}},"4":{"name":"(anonymous_4)","decl":{"start":{"line":42,"column":17},"end":{"line":42,"column":20}},"loc":{"start":{"line":42,"column":22},"end":{"line":44,"column":7}}},"5":{"name":"(anonymous_5)","decl":{"start":{"line":59,"column":30},"end":{"line":59,"column":31}},"loc":{"start":{"line":59,"column":51},"end":{"line":65,"column":3}}},"6":{"name":"(anonymous_6)","decl":{"start":{"line":203,"column":31},"end":{"line":203,"column":34}},"loc":{"start":{"line":203,"column":37},"end":{"line":203,"column":67}}},"7":{"name":"(anonymous_7)","decl":{"start":{"line":245,"column":36},"end":{"line":245,"column":37}},"loc":{"start":{"line":246,"column":20},"end":{"line":247,"column":null}}},"8":{"name":"(anonymous_8)","decl":{"start":{"line":289,"column":30},"end":{"line":289,"column":31}},"loc":{"start":{"line":289,"column":37},"end":{"line":289,"column":71}}}},"branchMap":{"0":{"loc":{"start":{"line":31,"column":4},"end":{"line":34,"column":5}},"type":"if","locations":[{"start":{"line":31,"column":4},"end":{"line":34,"column":5}}]},"1":{"loc":{"start":{"line":48,"column":6},"end":{"line":54,"column":7}},"type":"if","locations":[{"start":{"line":48,"column":6},"end":{"line":54,"column":7}},{"start":{"line":50,"column":13},"end":{"line":54,"column":7}}]},"2":{"loc":{"start":{"line":48,"column":10},"end":{"line":48,"column":60}},"type":"binary-expr","locations":[{"start":{"line":48,"column":10},"end":{"line":48,"column":13}},{"start":{"line":48,"column":17},"end":{"line":48,"column":40}},{"start":{"line":48,"column":44},"end":{"line":48,"column":60}}]},"3":{"loc":{"start":{"line":49,"column":18},"end":{"line":49,"column":72}},"type":"binary-expr","locations":[{"start":{"line":49,"column":18},"end":{"line":49,"column":53}},{"start":{"line":49,"column":57},"end":{"line":49,"column":72}}]},"4":{"loc":{"start":{"line":50,"column":13},"end":{"line":54,"column":7}},"type":"if","locations":[{"start":{"line":50,"column":13},"end":{"line":54,"column":7}},{"start":{"line":52,"column":13},"end":{"line":54,"column":7}}]},"5":{"loc":{"start":{"line":60,"column":4},"end":{"line":60,"column":40}},"type":"if","locations":[{"start":{"line":60,"column":4},"end":{"line":60,"column":40}}]},"6":{"loc":{"start":{"line":61,"column":4},"end":{"line":61,"column":38}},"type":"if","locations":[{"start":{"line":61,"column":4},"end":{"line":61,"column":38}}]},"7":{"loc":{"start":{"line":62,"column":4},"end":{"line":62,"column":39}},"type":"if","locations":[{"start":{"line":62,"column":4},"end":{"line":62,"column":39}}]},"8":{"loc":{"start":{"line":63,"column":4},"end":{"line":63,"column":67}},"type":"if","locations":[{"start":{"line":63,"column":4},"end":{"line":63,"column":67}}]},"9":{"loc":{"start":{"line":63,"column":8},"end":{"line":63,"column":56}},"type":"binary-expr","locations":[{"start":{"line":63,"column":8},"end":{"line":63,"column":30}},{"start":{"line":63,"column":34},"end":{"line":63,"column":56}}]},"10":{"loc":{"start":{"line":134,"column":15},"end":{"line":137,"column":null}},"type":"binary-expr","locations":[{"start":{"line":134,"column":15},"end":{"line":134,"column":20}},{"start":{"line":135,"column":16},"end":{"line":136,"column":null}}]},"11":{"loc":{"start":{"line":194,"column":28},"end":{"line":194,"column":62}},"type":"cond-expr","locations":[{"start":{"line":194,"column":43},"end":{"line":194,"column":49}},{"start":{"line":194,"column":52},"end":{"line":194,"column":62}}]},"12":{"loc":{"start":{"line":205,"column":23},"end":{"line":238,"column":null}},"type":"cond-expr","locations":[{"start":{"line":206,"column":24},"end":{"line":223,"column":null}},{"start":{"line":226,"column":24},"end":{"line":237,"column":null}}]},"13":{"loc":{"start":{"line":249,"column":24},"end":{"line":259,"column":null}},"type":"cond-expr","locations":[{"start":{"line":250,"column":28},"end":{"line":258,"column":49}},{"start":{"line":259,"column":28},"end":{"line":259,"column":null}}]},"14":{"loc":{"start":{"line":250,"column":28},"end":{"line":258,"column":49}},"type":"cond-expr","locations":[{"start":{"line":251,"column":30},"end":{"line":251,"column":42}},{"start":{"line":252,"column":30},"end":{"line":258,"column":49}}]},"15":{"loc":{"start":{"line":252,"column":30},"end":{"line":258,"column":49}},"type":"cond-expr","locations":[{"start":{"line":253,"column":32},"end":{"line":253,"column":47}},{"start":{"line":254,"column":32},"end":{"line":258,"column":49}}]},"16":{"loc":{"start":{"line":254,"column":32},"end":{"line":258,"column":49}},"type":"cond-expr","locations":[{"start":{"line":255,"column":34},"end":{"line":255,"column":47}},{"start":{"line":256,"column":34},"end":{"line":258,"column":49}}]},"17":{"loc":{"start":{"line":256,"column":34},"end":{"line":258,"column":49}},"type":"cond-expr","locations":[{"start":{"line":257,"column":36},"end":{"line":257,"column":50}},{"start":{"line":258,"column":36},"end":{"line":258,"column":49}}]},"18":{"loc":{"start":{"line":265,"column":22},"end":{"line":273,"column":null}},"type":"cond-expr","locations":[{"start":{"line":266,"column":26},"end":{"line":266,"column":40}},{"start":{"line":267,"column":26},"end":{"line":273,"column":null}}]},"19":{"loc":{"start":{"line":267,"column":26},"end":{"line":273,"column":null}},"type":"cond-expr","locations":[{"start":{"line":268,"column":28},"end":{"line":268,"column":45}},{"start":{"line":269,"column":28},"end":{"line":273,"column":null}}]},"20":{"loc":{"start":{"line":269,"column":28},"end":{"line":273,"column":null}},"type":"cond-expr","locations":[{"start":{"line":270,"column":30},"end":{"line":270,"column":45}},{"start":{"line":271,"column":30},"end":{"line":273,"column":null}}]},"21":{"loc":{"start":{"line":271,"column":30},"end":{"line":273,"column":null}},"type":"cond-expr","locations":[{"start":{"line":272,"column":32},"end":{"line":272,"column":48}},{"start":{"line":273,"column":32},"end":{"line":273,"column":null}}]},"22":{"loc":{"start":{"line":371,"column":19},"end":{"line":371,"column":69}},"type":"cond-expr","locations":[{"start":{"line":371,"column":29},"end":{"line":371,"column":50}},{"start":{"line":371,"column":53},"end":{"line":371,"column":69}}]}},"s":{"0":0,"1":0,"2":0,"3":0,"4":0,"5":0,"6":0,"7":0,"8":0,"9":0,"10":0,"11":0,"12":0,"13":0,"14":0,"15":0,"16":0,"17":0,"18":0,"19":0,"20":0,"21":0,"22":0,"23":0,"24":0,"25":0,"26":0,"27":0,"28":0,"29":0,"30":0,"31":0,"32":0,"33":0,"34":0,"35":0,"36":0,"37":0,"38":0,"39":0,"40":0,"41":0,"42":0,"43":0,"44":0,"45":0,"46":0,"47":0,"48":0,"49":0},"f":{"0":0,"1":0,"2":0,"3":0,"4":0,"5":0,"6":0,"7":0,"8":0},"b":{"0":[0],"1":[0,0],"2":[0,0,0],"3":[0,0],"4":[0,0],"5":[0],"6":[0],"7":[0],"8":[0],"9":[0,0],"10":[0,0],"11":[0,0],"12":[0,0],"13":[0,0],"14":[0,0],"15":[0,0],"16":[0,0],"17":[0,0],"18":[0,0],"19":[0,0],"20":[0,0],"21":[0,0],"22":[0,0]}}
,"/mnt/c/Users/Leke/Globepay/globepay/frontend/src/components/auth/TestLogin.tsx": {"path":"/mnt/c/Users/Leke/Globepay/globepay/frontend/src/components/auth/TestLogin.tsx","statementMap":{"0":{"start":{"line":1,"column":0},"end":{"line":1,"column":40}},"1":{"start":{"line":2,"column":0},"end":{"line":2,"column":47}},"2":{"start":{"line":3,"column":0},"end":{"line":3,"column":42}},"3":{"start":{"line":4,"column":0},"end":{"line":4,"column":46}},"4":{"start":{"line":8,"column":28},"end":{"line":114,"column":1}},"5":{"start":{"line":9,"column":28},"end":{"line":9,"column":68}},"6":{"start":{"line":10,"column":34},"end":{"line":10,"column":57}},"7":{"start":{"line":11,"column":30},"end":{"line":11,"column":65}},"8":{"start":{"line":12,"column":28},"end":{"line":12,"column":57}},"9":{"start":{"line":13,"column":32},"end":{"line":13,"column":47}},"10":{"start":{"line":15,"column":32},"end":{"line":15,"column":45}},"11":{"start":{"line":16,"column":19},"end":{"line":16,"column":32}},"12":{"start":{"line":18,"column":26},"end":{"line":41,"column":3}},"13":{"start":{"line":19,"column":4},"end":{"line":19,"column":21}},"14":{"start":{"line":20,"column":4},"end":{"line":20,"column":19}},"15":{"start":{"line":21,"column":4},"end":{"line":21,"column":20}},"16":{"start":{"line":23,"column":4},"end":{"line":40,"column":5}},"17":{"start":{"line":24,"column":6},"end":{"line":24,"column":73}},"18":{"start":{"line":25,"column":27},"end":{"line":25,"column":69}},"19":{"start":{"line":26,"column":6},"end":{"line":26,"column":56}},"20":{"start":{"line":28,"column":6},"end":{"line":34,"column":7}},"21":{"start":{"line":29,"column":8},"end":{"line":29,"column":40}},"22":{"start":{"line":30,"column":8},"end":{"line":30,"column":41}},"23":{"start":{"line":31,"column":13},"end":{"line":34,"column":7}},"24":{"start":{"line":32,"column":8},"end":{"line":32,"column":64}},"25":{"start":{"line":33,"column":8},"end":{"line":33,"column":59}},"26":{"start":{"line":36,"column":6},"end":{"line":36,"column":41}},"27":{"start":{"line":37,"column":6},"end":{"line":37,"column":68}},"28":{"start":{"line":39,"column":6},"end":{"line":39,"column":24}},"29":{"start":{"line":43,"column":36},"end":{"line":45,"column":3}},"30":{"start":{"line":44,"column":4},"end":{"line":44,"column":27}},"31":{"start":{"line":47,"column":2},"end":{"line":113,"column":4}},"32":{"start":{"line":56,"column":27},"end":{"line":56,"column":51}},"33":{"start":{"line":66,"column":27},"end":{"line":66,"column":54}},"34":{"start":{"line":116,"column":0},"end":{"line":116,"column":25}}},"fnMap":{"0":{"name":"(anonymous_0)","decl":{"start":{"line":8,"column":28},"end":{"line":8,"column":31}},"loc":{"start":{"line":8,"column":33},"end":{"line":114,"column":1}}},"1":{"name":"(anonymous_1)","decl":{"start":{"line":18,"column":26},"end":{"line":18,"column":31}},"loc":{"start":{"line":18,"column":37},"end":{"line":41,"column":3}}},"2":{"name":"(anonymous_2)","decl":{"start":{"line":43,"column":36},"end":{"line":43,"column":39}},"loc":{"start":{"line":43,"column":41},"end":{"line":45,"column":3}}},"3":{"name":"(anonymous_3)","decl":{"start":{"line":56,"column":20},"end":{"line":56,"column":21}},"loc":{"start":{"line":56,"column":27},"end":{"line":56,"column":51}}},"4":{"name":"(anonymous_4)","decl":{"start":{"line":66,"column":20},"end":{"line":66,"column":21}},"loc":{"start":{"line":66,"column":27},"end":{"line":66,"column":54}}}},"branchMap":{"0":{"loc":{"start":{"line":28,"column":6},"end":{"line":34,"column":7}},"type":"if","locations":[{"start":{"line":28,"column":6},"end":{"line":34,"column":7}},{"start":{"line":31,"column":13},"end":{"line":34,"column":7}}]},"1":{"loc":{"start":{"line":31,"column":13},"end":{"line":34,"column":7}},"type":"if","locations":[{"start":{"line":31,"column":13},"end":{"line":34,"column":7}}]},"2":{"loc":{"start":{"line":32,"column":17},"end":{"line":32,"column":62}},"type":"binary-expr","locations":[{"start":{"line":32,"column":17},"end":{"line":32,"column":44}},{"start":{"line":32,"column":48},"end":{"line":32,"column":62}}]},"3":{"loc":{"start":{"line":37,"column":15},"end":{"line":37,"column":66}},"type":"cond-expr","locations":[{"start":{"line":37,"column":38},"end":{"line":37,"column":49}},{"start":{"line":37,"column":52},"end":{"line":37,"column":66}}]},"4":{"loc":{"start":{"line":76,"column":9},"end":{"line":76,"column":49}},"type":"cond-expr","locations":[{"start":{"line":76,"column":19},"end":{"line":76,"column":34}},{"start":{"line":76,"column":37},"end":{"line":76,"column":49}}]},"5":{"loc":{"start":{"line":83,"column":7},"end":{"line":95,"column":null}},"type":"binary-expr","locations":[{"start":{"line":83,"column":7},"end":{"line":83,"column":12}},{"start":{"line":84,"column":8},"end":{"line":94,"column":null}}]},"6":{"loc":{"start":{"line":98,"column":7},"end":{"line":110,"column":null}},"type":"binary-expr","locations":[{"start":{"line":98,"column":7},"end":{"line":98,"column":13}},{"start":{"line":99,"column":8},"end":{"line":109,"column":null}}]}},"s":{"0":0,"1":0,"2":0,"3":0,"4":0,"5":0,"6":0,"7":0,"8":0,"9":0,"10":0,"11":0,"12":0,"13":0,"14":0,"15":0,"16":0,"17":0,"18":0,"19":0,"20":0,"21":0,"22":0,"23":0,"24":0,"25":0,"26":0,"27":0,"28":0,"29":0,"30":0,"31":0,"32":0,"33":0,"34":0},"f":{"0":0,"1":0,"2":0,"3":0,"4":0},"b":{"0":[0,0],"1":[0],"2":[0,0],"3":[0,0],"4":[0,0],"5":[0,0],"6":[0,0]}}
,"/mnt/c/Users/Leke/Globepay/globepay/frontend/src/components/common/ErrorBoundary.tsx": {"path":"/mnt/c/Users/Leke/Globepay/globepay/frontend/src/components/common/ErrorBoundary.tsx","statementMap":{"0":{"start":{"line":1,"column":0},"end":{"line":1,"column":56}},"1":{"start":{"line":13,"column":9},"end":{"line":16,"column":null}},"2":{"start":{"line":20,"column":4},"end":{"line":20,"column":37}},"3":{"start":{"line":24,"column":4},"end":{"line":24,"column":55}},"4":{"start":{"line":28,"column":4},"end":{"line":43,"column":5}},"5":{"start":{"line":29,"column":6},"end":{"line":42,"column":8}},"6":{"start":{"line":35,"column":29},"end":{"line":35,"column":53}},"7":{"start":{"line":45,"column":4},"end":{"line":45,"column":31}},"8":{"start":{"line":12,"column":0},"end":{"line":12,"column":13}},"9":{"start":{"line":49,"column":0},"end":{"line":49,"column":29}}},"fnMap":{"0":{"name":"(anonymous_0)","decl":{"start":{"line":12,"column":0},"end":{"line":12,"column":13}},"loc":{"start":{"line":12,"column":0},"end":{"line":47,"column":1}}},"1":{"name":"(anonymous_1)","decl":{"start":{"line":18,"column":9},"end":{"line":18,"column":15}},"loc":{"start":{"line":18,"column":53},"end":{"line":21,"column":3}}},"2":{"name":"(anonymous_2)","decl":{"start":{"line":23,"column":9},"end":{"line":23,"column":26}},"loc":{"start":{"line":23,"column":61},"end":{"line":25,"column":3}}},"3":{"name":"(anonymous_3)","decl":{"start":{"line":27,"column":9},"end":{"line":27,"column":15}},"loc":{"start":{"line":27,"column":15},"end":{"line":46,"column":3}}},"4":{"name":"(anonymous_4)","decl":{"start":{"line":35,"column":23},"end":{"line":35,"column":26}},"loc":{"start":{"line":35,"column":29},"end":{"line":35,"column":53}}}},"branchMap":{"0":{"loc":{"start":{"line":28,"column":4},"end":{"line":43,"column":5}},"type":"if","locations":[{"start":{"line":28,"column":4},"end":{"line":43,"column":5}}]}},"s":{"0":0,"1":0,"2":0,"3":0,"4":0,"5":0,"6":0,"7":0,"8":0,"9":0},"f":{"0":0,"1":0,"2":0,"3":0,"4":0},"b":{"0":[0]}}
,"/mnt/c/Users/Leke/Globepay/globepay/frontend/src/components/common/PrivateRoute.tsx": {"path":"/mnt/c/Users/Leke/Globepay/globepay/frontend/src/components/common/PrivateRoute.tsx","statementMap":{"0":{"start":{"line":2,"column":0},"end":{"line":2,"column":44}},"1":{"start":{"line":3,"column":0},"end":{"line":3,"column":42}},"2":{"start":{"line":10,"column":57},"end":{"line":14,"column":1}},"3":{"start":{"line":11,"column":30},"end":{"line":11,"column":75}},"4":{"start":{"line":11,"column":64},"end":{"line":11,"column":74}},"5":{"start":{"line":13,"column":2},"end":{"line":13,"column":78}},"6":{"start":{"line":10,"column":13},"end":{"line":10,"column":57}}},"fnMap":{"0":{"name":"(anonymous_0)","decl":{"start":{"line":10,"column":57},"end":{"line":10,"column":58}},"loc":{"start":{"line":10,"column":74},"end":{"line":14,"column":1}}},"1":{"name":"(anonymous_1)","decl":{"start":{"line":11,"column":42},"end":{"line":11,"column":43}},"loc":{"start":{"line":11,"column":64},"end":{"line":11,"column":74}}}},"branchMap":{"0":{"loc":{"start":{"line":13,"column":9},"end":{"line":13,"column":77}},"type":"cond-expr","locations":[{"start":{"line":13,"column":27},"end":{"line":13,"column":42}},{"start":{"line":13,"column":45},"end":{"line":13,"column":77}}]}},"s":{"0":0,"1":0,"2":0,"3":0,"4":0,"5":0,"6":0},"f":{"0":0,"1":0},"b":{"0":[0,0]}}
,"/mnt/c/Users/Leke/Globepay/globepay/frontend/src/components/dashboard/AccountSummary.tsx": {"path":"/mnt/c/Users/Leke/Globepay/globepay/frontend/src/components/dashboard/AccountSummary.tsx","statementMap":{"0":{"start":{"line":2,"column":0},"end":{"line":2,"column":42}},"1":{"start":{"line":6,"column":40},"end":{"line":34,"column":1}},"2":{"start":{"line":7,"column":23},"end":{"line":7,"column":68}},"3":{"start":{"line":7,"column":57},"end":{"line":7,"column":67}},"4":{"start":{"line":9,"column":2},"end":{"line":33,"column":4}},"5":{"start":{"line":14,"column":10},"end":{"line":14,"column":32}},"6":{"start":{"line":6,"column":13},"end":{"line":6,"column":40}}},"fnMap":{"0":{"name":"(anonymous_0)","decl":{"start":{"line":6,"column":40},"end":{"line":6,"column":43}},"loc":{"start":{"line":6,"column":45},"end":{"line":34,"column":1}}},"1":{"name":"(anonymous_1)","decl":{"start":{"line":7,"column":35},"end":{"line":7,"column":36}},"loc":{"start":{"line":7,"column":57},"end":{"line":7,"column":67}}},"2":{"name":"(anonymous_2)","decl":{"start":{"line":13,"column":22},"end":{"line":13,"column":23}},"loc":{"start":{"line":14,"column":10},"end":{"line":14,"column":32}}}},"branchMap":{},"s":{"0":0,"1":0,"2":0,"3":0,"4":0,"5":0,"6":0},"f":{"0":0,"1":0,"2":0},"b":{}}
,"/mnt/c/Users/Leke/Globepay/globepay/frontend/src/components/dashboard/AddMoneyModal.tsx": {"path":"/mnt/c/Users/Leke/Globepay/globepay/frontend/src/components/dashboard/AddMoneyModal.tsx","statementMap":{"0":{"start":{"line":1,"column":0},"end":{"line":1,"column":40}},"1":{"start":{"line":9,"column":52},"end":{"line":198,"column":1}},"2":{"start":{"line":10,"column":30},"end":{"line":10,"column":42}},"3":{"start":{"line":11,"column":44},"end":{"line":11,"column":77}},"4":{"start":{"line":12,"column":38},"end":{"line":12,"column":50}},"5":{"start":{"line":13,"column":38},"end":{"line":13,"column":50}},"6":{"start":{"line":14,"column":24},"end":{"line":14,"column":36}},"7":{"start":{"line":15,"column":44},"end":{"line":15,"column":56}},"8":{"start":{"line":16,"column":44},"end":{"line":16,"column":56}},"9":{"start":{"line":18,"column":23},"end":{"line":27,"column":3}},"10":{"start":{"line":19,"column":4},"end":{"line":19,"column":23}},"11":{"start":{"line":20,"column":24},"end":{"line":20,"column":42}},"12":{"start":{"line":21,"column":4},"end":{"line":24,"column":5}},"13":{"start":{"line":22,"column":6},"end":{"line":22,"column":43}},"14":{"start":{"line":23,"column":6},"end":{"line":23,"column":13}},"15":{"start":{"line":25,"column":4},"end":{"line":25,"column":43}},"16":{"start":{"line":26,"column":4},"end":{"line":26,"column":14}},"17":{"start":{"line":29,"column":2},"end":{"line":29,"column":27}},"18":{"start":{"line":29,"column":15},"end":{"line":29,"column":27}},"19":{"start":{"line":31,"column":2},"end":{"line":197,"column":4}},"20":{"start":{"line":57,"column":35},"end":{"line":57,"column":60}},"21":{"start":{"line":74,"column":33},"end":{"line":74,"column":57}},"22":{"start":{"line":88,"column":33},"end":{"line":88,"column":57}},"23":{"start":{"line":112,"column":37},"end":{"line":112,"column":66}},"24":{"start":{"line":126,"column":39},"end":{"line":126,"column":68}},"25":{"start":{"line":139,"column":39},"end":{"line":139,"column":61}},"26":{"start":{"line":156,"column":37},"end":{"line":156,"column":69}},"27":{"start":{"line":169,"column":37},"end":{"line":169,"column":69}},"28":{"start":{"line":200,"column":0},"end":{"line":200,"column":29}}},"fnMap":{"0":{"name":"(anonymous_0)","decl":{"start":{"line":9,"column":52},"end":{"line":9,"column":53}},"loc":{"start":{"line":9,"column":88},"end":{"line":198,"column":1}}},"1":{"name":"(anonymous_1)","decl":{"start":{"line":18,"column":23},"end":{"line":18,"column":24}},"loc":{"start":{"line":18,"column":46},"end":{"line":27,"column":3}}},"2":{"name":"(anonymous_2)","decl":{"start":{"line":57,"column":28},"end":{"line":57,"column":29}},"loc":{"start":{"line":57,"column":35},"end":{"line":57,"column":60}}},"3":{"name":"(anonymous_3)","decl":{"start":{"line":74,"column":27},"end":{"line":74,"column":30}},"loc":{"start":{"line":74,"column":33},"end":{"line":74,"column":57}}},"4":{"name":"(anonymous_4)","decl":{"start":{"line":88,"column":27},"end":{"line":88,"column":30}},"loc":{"start":{"line":88,"column":33},"end":{"line":88,"column":57}}},"5":{"name":"(anonymous_5)","decl":{"start":{"line":112,"column":30},"end":{"line":112,"column":31}},"loc":{"start":{"line":112,"column":37},"end":{"line":112,"column":66}}},"6":{"name":"(anonymous_6)","decl":{"start":{"line":126,"column":32},"end":{"line":126,"column":33}},"loc":{"start":{"line":126,"column":39},"end":{"line":126,"column":68}}},"7":{"name":"(anonymous_7)","decl":{"start":{"line":139,"column":32},"end":{"line":139,"column":33}},"loc":{"start":{"line":139,"column":39},"end":{"line":139,"column":61}}},"8":{"name":"(anonymous_8)","decl":{"start":{"line":156,"column":30},"end":{"line":156,"column":31}},"loc":{"start":{"line":156,"column":37},"end":{"line":156,"column":69}}},"9":{"name":"(anonymous_9)","decl":{"start":{"line":169,"column":30},"end":{"line":169,"column":31}},"loc":{"start":{"line":169,"column":37},"end":{"line":169,"column":69}}}},"branchMap":{"0":{"loc":{"start":{"line":21,"column":4},"end":{"line":24,"column":5}},"type":"if","locations":[{"start":{"line":21,"column":4},"end":{"line":24,"column":5}}]},"1":{"loc":{"start":{"line":21,"column":8},"end":{"line":21,"column":46}},"type":"binary-expr","locations":[{"start":{"line":21,"column":8},"end":{"line":21,"column":26}},{"start":{"line":21,"column":30},"end":{"line":21,"column":46}}]},"2":{"loc":{"start":{"line":29,"column":2},"end":{"line":29,"column":27}},"type":"if","locations":[{"start":{"line":29,"column":2},"end":{"line":29,"column":27}}]},"3":{"loc":{"start":{"line":76,"column":20},"end":{"line":78,"column":null}},"type":"cond-expr","locations":[{"start":{"line":77,"column":24},"end":{"line":77,"column":73}},{"start":{"line":78,"column":24},"end":{"line":78,"column":null}}]},"4":{"loc":{"start":{"line":90,"column":20},"end":{"line":92,"column":null}},"type":"cond-expr","locations":[{"start":{"line":91,"column":24},"end":{"line":91,"column":73}},{"start":{"line":92,"column":24},"end":{"line":92,"column":null}}]},"5":{"loc":{"start":{"line":103,"column":13},"end":{"line":175,"column":null}},"type":"cond-expr","locations":[{"start":{"line":104,"column":14},"end":{"line":145,"column":null}},{"start":{"line":148,"column":14},"end":{"line":174,"column":null}}]}},"s":{"0":0,"1":0,"2":0,"3":0,"4":0,"5":0,"6":0,"7":0,"8":0,"9":0,"10":0,"11":0,"12":0,"13":0,"14":0,"15":0,"16":0,"17":0,"18":0,"19":0,"20":0,"21":0,"22":0,"23":0,"24":0,"25":0,"26":0,"27":0,"28":0},"f":{"0":0,"1":0,"2":0,"3":0,"4":0,"5":0,"6":0,"7":0,"8":0,"9":0},"b":{"0":[0],"1":[0,0],"2":[0],"3":[0,0],"4":[0,0],"5":[0,0]}}
,"/mnt/c/Users/Leke/Globepay/globepay/frontend/src/components/dashboard/RequestMoneyModal.tsx": {"path":"/mnt/c/Users/Leke/Globepay/globepay/frontend/src/components/dashboard/RequestMoneyModal.tsx","statementMap":{"0":{"start":{"line":1,"column":0},"end":{"line":1,"column":40}},"1":{"start":{"line":9,"column":60},"end":{"line":150,"column":1}},"2":{"start":{"line":14,"column":30},"end":{"line":14,"column":42}},"3":{"start":{"line":15,"column":36},"end":{"line":15,"column":48}},"4":{"start":{"line":16,"column":40},"end":{"line":16,"column":73}},"5":{"start":{"line":18,"column":23},"end":{"line":31,"column":3}},"6":{"start":{"line":19,"column":4},"end":{"line":19,"column":23}},"7":{"start":{"line":20,"column":24},"end":{"line":20,"column":42}},"8":{"start":{"line":21,"column":4},"end":{"line":24,"column":5}},"9":{"start":{"line":22,"column":6},"end":{"line":22,"column":43}},"10":{"start":{"line":23,"column":6},"end":{"line":23,"column":13}},"11":{"start":{"line":25,"column":4},"end":{"line":28,"column":5}},"12":{"start":{"line":26,"column":6},"end":{"line":26,"column":40}},"13":{"start":{"line":27,"column":6},"end":{"line":27,"column":13}},"14":{"start":{"line":29,"column":4},"end":{"line":29,"column":67}},"15":{"start":{"line":30,"column":4},"end":{"line":30,"column":14}},"16":{"start":{"line":33,"column":2},"end":{"line":33,"column":27}},"17":{"start":{"line":33,"column":15},"end":{"line":33,"column":27}},"18":{"start":{"line":35,"column":2},"end":{"line":149,"column":4}},"19":{"start":{"line":61,"column":35},"end":{"line":61,"column":60}},"20":{"start":{"line":78,"column":33},"end":{"line":78,"column":55}},"21":{"start":{"line":92,"column":33},"end":{"line":92,"column":55}},"22":{"start":{"line":115,"column":35},"end":{"line":115,"column":63}},"23":{"start":{"line":152,"column":0},"end":{"line":152,"column":33}}},"fnMap":{"0":{"name":"(anonymous_0)","decl":{"start":{"line":9,"column":60},"end":{"line":9,"column":61}},"loc":{"start":{"line":13,"column":5},"end":{"line":150,"column":1}}},"1":{"name":"(anonymous_1)","decl":{"start":{"line":18,"column":23},"end":{"line":18,"column":24}},"loc":{"start":{"line":18,"column":46},"end":{"line":31,"column":3}}},"2":{"name":"(anonymous_2)","decl":{"start":{"line":61,"column":28},"end":{"line":61,"column":29}},"loc":{"start":{"line":61,"column":35},"end":{"line":61,"column":60}}},"3":{"name":"(anonymous_3)","decl":{"start":{"line":78,"column":27},"end":{"line":78,"column":30}},"loc":{"start":{"line":78,"column":33},"end":{"line":78,"column":55}}},"4":{"name":"(anonymous_4)","decl":{"start":{"line":92,"column":27},"end":{"line":92,"column":30}},"loc":{"start":{"line":92,"column":33},"end":{"line":92,"column":55}}},"5":{"name":"(anonymous_5)","decl":{"start":{"line":115,"column":28},"end":{"line":115,"column":29}},"loc":{"start":{"line":115,"column":35},"end":{"line":115,"column":63}}}},"branchMap":{"0":{"loc":{"start":{"line":21,"column":4},"end":{"line":24,"column":5}},"type":"if","locations":[{"start":{"line":21,"column":4},"end":{"line":24,"column":5}}]},"1":{"loc":{"start":{"line":21,"column":8},"end":{"line":21,"column":46}},"type":"binary-expr","locations":[{"start":{"line":21,"column":8},"end":{"line":21,"column":26}},{"start":{"line":21,"column":30},"end":{"line":21,"column":46}}]},"2":{"loc":{"start":{"line":25,"column":4},"end":{"line":28,"column":5}},"type":"if","locations":[{"start":{"line":25,"column":4},"end":{"line":28,"column":5}}]},"3":{"loc":{"start":{"line":25,"column":8},"end":{"line":25,"column":44}},"type":"binary-expr","locations":[{"start":{"line":25,"column":8},"end":{"line":25,"column":30}},{"start":{"line":25,"column":34},"end":{"line":25,"column":44}}]},"4":{"loc":{"start":{"line":33,"column":2},"end":{"line":33,"column":27}},"type":"if","locations":[{"start":{"line":33,"column":2},"end":{"line":33,"column":27}}]},"5":{"loc":{"start":{"line":80,"column":20},"end":{"line":82,"column":null}},"type":"cond-expr","locations":[{"start":{"line":81,"column":24},"end":{"line":81,"column":73}},{"start":{"line":82,"column":24},"end":{"line":82,"column":null}}]},"6":{"loc":{"start":{"line":94,"column":20},"end":{"line":96,"column":null}},"type":"cond-expr","locations":[{"start":{"line":95,"column":24},"end":{"line":95,"column":73}},{"start":{"line":96,"column":24},"end":{"line":96,"column":null}}]},"7":{"loc":{"start":{"line":107,"column":13},"end":{"line":127,"column":null}},"type":"cond-expr","locations":[{"start":{"line":108,"column":14},"end":{"line":119,"column":null}},{"start":{"line":122,"column":14},"end":{"line":126,"column":null}}]},"8":{"loc":{"start":{"line":142,"column":17},"end":{"line":142,"column":75}},"type":"cond-expr","locations":[{"start":{"line":142,"column":42},"end":{"line":142,"column":57}},{"start":{"line":142,"column":60},"end":{"line":142,"column":75}}]}},"s":{"0":0,"1":0,"2":0,"3":0,"4":0,"5":0,"6":0,"7":0,"8":0,"9":0,"10":0,"11":0,"12":0,"13":0,"14":0,"15":0,"16":0,"17":0,"18":0,"19":0,"20":0,"21":0,"22":0,"23":0},"f":{"0":0,"1":0,"2":0,"3":0,"4":0,"5":0},"b":{"0":[0],"1":[0,0],"2":[0],"3":[0,0],"4":[0],"5":[0,0],"6":[0,0],"7":[0,0],"8":[0,0]}}
,"/mnt/c/Users/Leke/Globepay/globepay/frontend/src/components/layout/Header.tsx": {"path":"/mnt/c/Users/Leke/Globepay/globepay/frontend/src/components/layout/Header.tsx","statementMap":{"0":{"start":{"line":2,"column":0},"end":{"line":2,"column":40}},"1":{"start":{"line":3,"column":0},"end":{"line":3,"column":48}},"2":{"start":{"line":5,"column":32},"end":{"line":61,"column":1}},"3":{"start":{"line":6,"column":2},"end":{"line":60,"column":4}},"4":{"start":{"line":5,"column":13},"end":{"line":5,"column":32}}},"fnMap":{"0":{"name":"(anonymous_0)","decl":{"start":{"line":5,"column":32},"end":{"line":5,"column":35}},"loc":{"start":{"line":5,"column":37},"end":{"line":61,"column":1}}}},"branchMap":{},"s":{"0":1,"1":1,"2":1,"3":1,"4":1},"f":{"0":1},"b":{}}
,"/mnt/c/Users/Leke/Globepay/globepay/frontend/src/components/layout/HeaderProfile.tsx": {"path":"/mnt/c/Users/Leke/Globepay/globepay/frontend/src/components/layout/HeaderProfile.tsx","statementMap":{"0":{"start":{"line":1,"column":0},"end":{"line":1,"column":59}},"1":{"start":{"line":2,"column":0},"end":{"line":2,"column":47}},"2":{"start":{"line":3,"column":0},"end":{"line":3,"column":55}},"3":{"start":{"line":5,"column":0},"end":{"line":5,"column":47}},"4":{"start":{"line":8,"column":39},"end":{"line":94,"column":1}},"5":{"start":{"line":9,"column":19},"end":{"line":9,"column":32}},"6":{"start":{"line":10,"column":19},"end":{"line":10,"column":45}},"7":{"start":{"line":11,"column":19},"end":{"line":11,"column":64}},"8":{"start":{"line":11,"column":53},"end":{"line":11,"column":63}},"9":{"start":{"line":12,"column":30},"end":{"line":12,"column":45}},"10":{"start":{"line":13,"column":22},"end":{"line":13,"column":50}},"11":{"start":{"line":15,"column":23},"end":{"line":18,"column":3}},"12":{"start":{"line":16,"column":4},"end":{"line":16,"column":23}},"13":{"start":{"line":17,"column":4},"end":{"line":17,"column":23}},"14":{"start":{"line":20,"column":25},"end":{"line":22,"column":3}},"15":{"start":{"line":21,"column":4},"end":{"line":21,"column":23}},"16":{"start":{"line":24,"column":29},"end":{"line":28,"column":3}},"17":{"start":{"line":25,"column":4},"end":{"line":27,"column":5}},"18":{"start":{"line":26,"column":6},"end":{"line":26,"column":23}},"19":{"start":{"line":30,"column":2},"end":{"line":35,"column":9}},"20":{"start":{"line":31,"column":4},"end":{"line":31,"column":63}},"21":{"start":{"line":32,"column":4},"end":{"line":34,"column":6}},"22":{"start":{"line":33,"column":6},"end":{"line":33,"column":68}},"23":{"start":{"line":38,"column":26},"end":{"line":43,"column":3}},"24":{"start":{"line":39,"column":4},"end":{"line":41,"column":5}},"25":{"start":{"line":40,"column":6},"end":{"line":40,"column":83}},"26":{"start":{"line":42,"column":4},"end":{"line":42,"column":15}},"27":{"start":{"line":45,"column":2},"end":{"line":93,"column":4}},"28":{"start":{"line":67,"column":16},"end":{"line":67,"column":38}},"29":{"start":{"line":68,"column":16},"end":{"line":68,"column":33}},"30":{"start":{"line":76,"column":16},"end":{"line":76,"column":38}},"31":{"start":{"line":77,"column":16},"end":{"line":77,"column":33}},"32":{"start":{"line":8,"column":13},"end":{"line":8,"column":39}}},"fnMap":{"0":{"name":"(anonymous_0)","decl":{"start":{"line":8,"column":39},"end":{"line":8,"column":42}},"loc":{"start":{"line":8,"column":44},"end":{"line":94,"column":1}}},"1":{"name":"(anonymous_1)","decl":{"start":{"line":11,"column":31},"end":{"line":11,"column":32}},"loc":{"start":{"line":11,"column":53},"end":{"line":11,"column":63}}},"2":{"name":"(anonymous_2)","decl":{"start":{"line":15,"column":23},"end":{"line":15,"column":26}},"loc":{"start":{"line":15,"column":28},"end":{"line":18,"column":3}}},"3":{"name":"(anonymous_3)","decl":{"start":{"line":20,"column":25},"end":{"line":20,"column":28}},"loc":{"start":{"line":20,"column":30},"end":{"line":22,"column":3}}},"4":{"name":"(anonymous_4)","decl":{"start":{"line":24,"column":29},"end":{"line":24,"column":30}},"loc":{"start":{"line":24,"column":51},"end":{"line":28,"column":3}}},"5":{"name":"(anonymous_5)","decl":{"start":{"line":30,"column":12},"end":{"line":30,"column":15}},"loc":{"start":{"line":30,"column":17},"end":{"line":35,"column":3}}},"6":{"name":"(anonymous_6)","decl":{"start":{"line":32,"column":11},"end":{"line":32,"column":14}},"loc":{"start":{"line":32,"column":16},"end":{"line":34,"column":5}}},"7":{"name":"(anonymous_7)","decl":{"start":{"line":38,"column":26},"end":{"line":38,"column":29}},"loc":{"start":{"line":38,"column":31},"end":{"line":43,"column":3}}},"8":{"name":"(anonymous_8)","decl":{"start":{"line":66,"column":23},"end":{"line":66,"column":26}},"loc":{"start":{"line":66,"column":28},"end":{"line":69,"column":15}}},"9":{"name":"(anonymous_9)","decl":{"start":{"line":75,"column":23},"end":{"line":75,"column":26}},"loc":{"start":{"line":75,"column":28},"end":{"line":78,"column":15}}}},"branchMap":{"0":{"loc":{"start":{"line":25,"column":4},"end":{"line":27,"column":5}},"type":"if","locations":[{"start":{"line":25,"column":4},"end":{"line":27,"column":5}}]},"1":{"loc":{"start":{"line":25,"column":8},"end":{"line":25,"column":82}},"type":"binary-expr","locations":[{"start":{"line":25,"column":8},"end":{"line":25,"column":27}},{"start":{"line":25,"column":31},"end":{"line":25,"column":82}}]},"2":{"loc":{"start":{"line":39,"column":4},"end":{"line":41,"column":5}},"type":"if","locations":[{"start":{"line":39,"column":4},"end":{"line":41,"column":5}}]},"3":{"loc":{"start":{"line":39,"column":8},"end":{"line":39,"column":41}},"type":"binary-expr","locations":[{"start":{"line":39,"column":8},"end":{"line":39,"column":23}},{"start":{"line":39,"column":27},"end":{"line":39,"column":41}}]},"4":{"loc":{"start":{"line":56,"column":7},"end":{"line":90,"column":null}},"type":"binary-expr","locations":[{"start":{"line":56,"column":7},"end":{"line":56,"column":13}},{"start":{"line":57,"column":8},"end":{"line":89,"column":null}}]}},"s":{"0":0,"1":0,"2":0,"3":0,"4":0,"5":0,"6":0,"7":0,"8":0,"9":0,"10":0,"11":0,"12":0,"13":0,"14":0,"15":0,"16":0,"17":0,"18":0,"19":0,"20":0,"21":0,"22":0,"23":0,"24":0,"25":0,"26":0,"27":0,"28":0,"29":0,"30":0,"31":0,"32":0},"f":{"0":0,"1":0,"2":0,"3":0,"4":0,"5":0,"6":0,"7":0,"8":0,"9":0},"b":{"0":[0],"1":[0,0],"2":[0],"3":[0,0],"4":[0,0]}}
,"/mnt/c/Users/Leke/Globepay/globepay/frontend/src/components/layout/Layout.tsx": {"path":"/mnt/c/Users/Leke/Globepay/globepay/frontend/src/components/layout/Layout.tsx","statementMap":{"0":{"start":{"line":2,"column":0},"end":{"line":2,"column":34}},"1":{"start":{"line":8,"column":45},"end":{"line":17,"column":1}},"2":{"start":{"line":9,"column":2},"end":{"line":16,"column":4}},"3":{"start":{"line":8,"column":13},"end":{"line":8,"column":45}}},"fnMap":{"0":{"name":"(anonymous_0)","decl":{"start":{"line":8,"column":45},"end":{"line":8,"column":46}},"loc":{"start":{"line":8,"column":62},"end":{"line":17,"column":1}}}},"branchMap":{},"s":{"0":0,"1":0,"2":0,"3":0},"f":{"0":0},"b":{}}
,"/mnt/c/Users/Leke/Globepay/globepay/frontend/src/components/recipient/RecipientForm.tsx": {"path":"/mnt/c/Users/Leke/Globepay/globepay/frontend/src/components/recipient/RecipientForm.tsx","statementMap":{"0":{"start":{"line":1,"column":0},"end":{"line":1,"column":40}},"1":{"start":{"line":20,"column":52},"end":{"line":320,"column":1}},"2":{"start":{"line":21,"column":34},"end":{"line":28,"column":null}},"3":{"start":{"line":31,"column":30},"end":{"line":31,"column":66}},"4":{"start":{"line":33,"column":23},"end":{"line":45,"column":3}},"5":{"start":{"line":34,"column":28},"end":{"line":34,"column":36}},"6":{"start":{"line":35,"column":4},"end":{"line":35,"column":56}},"7":{"start":{"line":35,"column":27},"end":{"line":35,"column":53}},"8":{"start":{"line":38,"column":4},"end":{"line":44,"column":5}},"9":{"start":{"line":39,"column":6},"end":{"line":43,"column":9}},"10":{"start":{"line":40,"column":26},"end":{"line":40,"column":37}},"11":{"start":{"line":41,"column":8},"end":{"line":41,"column":31}},"12":{"start":{"line":42,"column":8},"end":{"line":42,"column":25}},"13":{"start":{"line":47,"column":23},"end":{"line":64,"column":3}},"14":{"start":{"line":48,"column":46},"end":{"line":48,"column":48}},"15":{"start":{"line":50,"column":4},"end":{"line":52,"column":5}},"16":{"start":{"line":51,"column":6},"end":{"line":51,"column":42}},"17":{"start":{"line":54,"column":4},"end":{"line":56,"column":5}},"18":{"start":{"line":55,"column":6},"end":{"line":55,"column":51}},"19":{"start":{"line":58,"column":4},"end":{"line":60,"column":5}},"20":{"start":{"line":59,"column":6},"end":{"line":59,"column":61}},"21":{"start":{"line":62,"column":4},"end":{"line":62,"column":25}},"22":{"start":{"line":63,"column":4},"end":{"line":63,"column":47}},"23":{"start":{"line":66,"column":23},"end":{"line":71,"column":3}},"24":{"start":{"line":67,"column":4},"end":{"line":67,"column":23}},"25":{"start":{"line":68,"column":4},"end":{"line":70,"column":5}},"26":{"start":{"line":69,"column":6},"end":{"line":69,"column":25}},"27":{"start":{"line":74,"column":32},"end":{"line":93,"column":3}},"28":{"start":{"line":75,"column":55},"end":{"line":91,"column":6}},"29":{"start":{"line":92,"column":4},"end":{"line":92,"column":48}},"30":{"start":{"line":95,"column":30},"end":{"line":103,"column":3}},"31":{"start":{"line":96,"column":20},"end":{"line":96,"column":34}},"32":{"start":{"line":97,"column":21},"end":{"line":97,"column":51}},"33":{"start":{"line":98,"column":4},"end":{"line":102,"column":7}},"34":{"start":{"line":105,"column":2},"end":{"line":319,"column":4}},"35":{"start":{"line":322,"column":0},"end":{"line":322,"column":29}}},"fnMap":{"0":{"name":"(anonymous_0)","decl":{"start":{"line":20,"column":52},"end":{"line":20,"column":53}},"loc":{"start":{"line":20,"column":92},"end":{"line":320,"column":1}}},"1":{"name":"(anonymous_1)","decl":{"start":{"line":33,"column":23},"end":{"line":33,"column":24}},"loc":{"start":{"line":33,"column":86},"end":{"line":45,"column":3}}},"2":{"name":"(anonymous_2)","decl":{"start":{"line":35,"column":16},"end":{"line":35,"column":17}},"loc":{"start":{"line":35,"column":27},"end":{"line":35,"column":53}}},"3":{"name":"(anonymous_3)","decl":{"start":{"line":39,"column":16},"end":{"line":39,"column":17}},"loc":{"start":{"line":39,"column":25},"end":{"line":43,"column":7}}},"4":{"name":"(anonymous_4)","decl":{"start":{"line":47,"column":23},"end":{"line":47,"column":26}},"loc":{"start":{"line":47,"column":28},"end":{"line":64,"column":3}}},"5":{"name":"(anonymous_5)","decl":{"start":{"line":66,"column":23},"end":{"line":66,"column":24}},"loc":{"start":{"line":66,"column":46},"end":{"line":71,"column":3}}},"6":{"name":"(anonymous_6)","decl":{"start":{"line":74,"column":32},"end":{"line":74,"column":33}},"loc":{"start":{"line":74,"column":52},"end":{"line":93,"column":3}}},"7":{"name":"(anonymous_7)","decl":{"start":{"line":95,"column":30},"end":{"line":95,"column":31}},"loc":{"start":{"line":95,"column":74},"end":{"line":103,"column":3}}}},"branchMap":{"0":{"loc":{"start":{"line":22,"column":4},"end":{"line":28,"column":null}},"type":"binary-expr","locations":[{"start":{"line":22,"column":4},"end":{"line":22,"column":15}},{"start":{"line":22,"column":19},"end":{"line":28,"column":null}}]},"1":{"loc":{"start":{"line":38,"column":4},"end":{"line":44,"column":5}},"type":"if","locations":[{"start":{"line":38,"column":4},"end":{"line":44,"column":5}}]},"2":{"loc":{"start":{"line":50,"column":4},"end":{"line":52,"column":5}},"type":"if","locations":[{"start":{"line":50,"column":4},"end":{"line":52,"column":5}}]},"3":{"loc":{"start":{"line":54,"column":4},"end":{"line":56,"column":5}},"type":"if","locations":[{"start":{"line":54,"column":4},"end":{"line":56,"column":5}}]},"4":{"loc":{"start":{"line":58,"column":4},"end":{"line":60,"column":5}},"type":"if","locations":[{"start":{"line":58,"column":4},"end":{"line":60,"column":5}}]},"5":{"loc":{"start":{"line":68,"column":4},"end":{"line":70,"column":5}},"type":"if","locations":[{"start":{"line":68,"column":4},"end":{"line":70,"column":5}}]},"6":{"loc":{"start":{"line":92,"column":11},"end":{"line":92,"column":47}},"type":"binary-expr","locations":[{"start":{"line":92,"column":11},"end":{"line":92,"column":38}},{"start":{"line":92,"column":42},"end":{"line":92,"column":47}}]},"7":{"loc":{"start":{"line":108,"column":9},"end":{"line":108,"column":61}},"type":"cond-expr","locations":[{"start":{"line":108,"column":23},"end":{"line":108,"column":39}},{"start":{"line":108,"column":42},"end":{"line":108,"column":61}}]},"8":{"loc":{"start":{"line":126,"column":16},"end":{"line":126,"column":null}},"type":"cond-expr","locations":[{"start":{"line":126,"column":30},"end":{"line":126,"column":46}},{"start":{"line":126,"column":49},"end":{"line":126,"column":null}}]},"9":{"loc":{"start":{"line":135,"column":13},"end":{"line":135,"column":86}},"type":"binary-expr","locations":[{"start":{"line":135,"column":13},"end":{"line":135,"column":24}},{"start":{"line":135,"column":28},"end":{"line":135,"column":86}}]},"10":{"loc":{"start":{"line":155,"column":16},"end":{"line":155,"column":null}},"type":"cond-expr","locations":[{"start":{"line":155,"column":34},"end":{"line":155,"column":50}},{"start":{"line":155,"column":53},"end":{"line":155,"column":null}}]},"11":{"loc":{"start":{"line":164,"column":13},"end":{"line":164,"column":94}},"type":"binary-expr","locations":[{"start":{"line":164,"column":13},"end":{"line":164,"column":28}},{"start":{"line":164,"column":32},"end":{"line":164,"column":94}}]},"12":{"loc":{"start":{"line":175,"column":16},"end":{"line":175,"column":null}},"type":"cond-expr","locations":[{"start":{"line":175,"column":39},"end":{"line":175,"column":55}},{"start":{"line":175,"column":58},"end":{"line":175,"column":null}}]},"13":{"loc":{"start":{"line":184,"column":13},"end":{"line":185,"column":null}},"type":"binary-expr","locations":[{"start":{"line":184,"column":13},"end":{"line":184,"column":33}},{"start":{"line":185,"column":14},"end":{"line":185,"column":81}}]},"14":{"loc":{"start":{"line":261,"column":21},"end":{"line":261,"column":44}},"type":"binary-expr","locations":[{"start":{"line":261,"column":21},"end":{"line":261,"column":38}},{"start":{"line":261,"column":42},"end":{"line":261,"column":44}}]},"15":{"loc":{"start":{"line":278,"column":21},"end":{"line":278,"column":40}},"type":"binary-expr","locations":[{"start":{"line":278,"column":21},"end":{"line":278,"column":34}},{"start":{"line":278,"column":38},"end":{"line":278,"column":40}}]},"16":{"loc":{"start":{"line":295,"column":21},"end":{"line":295,"column":45}},"type":"binary-expr","locations":[{"start":{"line":295,"column":21},"end":{"line":295,"column":39}},{"start":{"line":295,"column":43},"end":{"line":295,"column":45}}]},"17":{"loc":{"start":{"line":315,"column":38},"end":{"line":315,"column":85}},"type":"cond-expr","locations":[{"start":{"line":315,"column":52},"end":{"line":315,"column":66}},{"start":{"line":315,"column":69},"end":{"line":315,"column":85}}]}},"s":{"0":0,"1":0,"2":0,"3":0,"4":0,"5":0,"6":0,"7":0,"8":0,"9":0,"10":0,"11":0,"12":0,"13":0,"14":0,"15":0,"16":0,"17":0,"18":0,"19":0,"20":0,"21":0,"22":0,"23":0,"24":0,"25":0,"26":0,"27":0,"28":0,"29":0,"30":0,"31":0,"32":0,"33":0,"34":0,"35":0},"f":{"0":0,"1":0,"2":0,"3":0,"4":0,"5":0,"6":0,"7":0},"b":{"0":[0,0],"1":[0],"2":[0],"3":[0],"4":[0],"5":[0],"6":[0,0],"7":[0,0],"8":[0,0],"9":[0,0],"10":[0,0],"11":[0,0],"12":[0,0],"13":[0,0],"14":[0,0],"15":[0,0],"16":[0,0],"17":[0,0]}}
,"/mnt/c/Users/Leke/Globepay/globepay/frontend/src/components/settings/NotificationsPanel.tsx": {"path":"/mnt/c/Users/Leke/Globepay/globepay/frontend/src/components/settings/NotificationsPanel.tsx","statementMap":{"0":{"start":{"line":1,"column":0},"end":{"line":1,"column":51}},"1":{"start":{"line":2,"column":0},"end":{"line":2,"column":97}},"2":{"start":{"line":26,"column":62},"end":{"line":270,"column":1}},"3":{"start":{"line":27,"column":54},"end":{"line":27,"column":68}},"4":{"start":{"line":28,"column":52},"end":{"line":28,"column":67}},"5":{"start":{"line":29,"column":50},"end":{"line":29,"column":65}},"6":{"start":{"line":30,"column":52},"end":{"line":30,"column":66}},"7":{"start":{"line":31,"column":46},"end":{"line":31,"column":60}},"8":{"start":{"line":32,"column":48},"end":{"line":32,"column":63}},"9":{"start":{"line":35,"column":2},"end":{"line":54,"column":9}},"10":{"start":{"line":36,"column":28},"end":{"line":51,"column":5}},"11":{"start":{"line":37,"column":6},"end":{"line":50,"column":7}},"12":{"start":{"line":38,"column":22},"end":{"line":38,"column":57}},"13":{"start":{"line":39,"column":8},"end":{"line":47,"column":9}},"14":{"start":{"line":40,"column":30},"end":{"line":40,"column":84}},"15":{"start":{"line":41,"column":10},"end":{"line":41,"column":65}},"16":{"start":{"line":42,"column":10},"end":{"line":42,"column":63}},"17":{"start":{"line":43,"column":10},"end":{"line":43,"column":61}},"18":{"start":{"line":44,"column":10},"end":{"line":44,"column":63}},"19":{"start":{"line":45,"column":10},"end":{"line":45,"column":57}},"20":{"start":{"line":46,"column":10},"end":{"line":46,"column":59}},"21":{"start":{"line":49,"column":8},"end":{"line":49,"column":60}},"22":{"start":{"line":53,"column":4},"end":{"line":53,"column":22}},"23":{"start":{"line":56,"column":25},"end":{"line":73,"column":3}},"24":{"start":{"line":57,"column":4},"end":{"line":72,"column":5}},"25":{"start":{"line":58,"column":20},"end":{"line":58,"column":55}},"26":{"start":{"line":59,"column":6},"end":{"line":69,"column":7}},"27":{"start":{"line":61,"column":43},"end":{"line":61,"column":45}},"28":{"start":{"line":62,"column":8},"end":{"line":67,"column":9}},"29":{"start":{"line":63,"column":10},"end":{"line":66,"column":12}},"30":{"start":{"line":68,"column":8},"end":{"line":68,"column":78}},"31":{"start":{"line":71,"column":6},"end":{"line":71,"column":58}},"32":{"start":{"line":75,"column":41},"end":{"line":78,"column":3}},"33":{"start":{"line":76,"column":4},"end":{"line":76,"column":35}},"34":{"start":{"line":77,"column":4},"end":{"line":77,"column":53}},"35":{"start":{"line":80,"column":40},"end":{"line":83,"column":3}},"36":{"start":{"line":81,"column":4},"end":{"line":81,"column":34}},"37":{"start":{"line":85,"column":39},"end":{"line":88,"column":3}},"38":{"start":{"line":86,"column":4},"end":{"line":86,"column":33}},"39":{"start":{"line":87,"column":4},"end":{"line":87,"column":51}},"40":{"start":{"line":90,"column":40},"end":{"line":93,"column":3}},"41":{"start":{"line":91,"column":4},"end":{"line":91,"column":34}},"42":{"start":{"line":95,"column":37},"end":{"line":98,"column":3}},"43":{"start":{"line":96,"column":4},"end":{"line":96,"column":31}},"44":{"start":{"line":100,"column":38},"end":{"line":103,"column":3}},"45":{"start":{"line":101,"column":4},"end":{"line":101,"column":32}},"46":{"start":{"line":105,"column":2},"end":{"line":269,"column":4}},"47":{"start":{"line":131,"column":29},"end":{"line":131,"column":80}},"48":{"start":{"line":152,"column":29},"end":{"line":152,"column":78}},"49":{"start":{"line":173,"column":29},"end":{"line":173,"column":76}},"50":{"start":{"line":203,"column":29},"end":{"line":203,"column":78}},"51":{"start":{"line":224,"column":29},"end":{"line":224,"column":72}},"52":{"start":{"line":254,"column":29},"end":{"line":254,"column":74}},"53":{"start":{"line":272,"column":0},"end":{"line":272,"column":34}}},"fnMap":{"0":{"name":"(anonymous_0)","decl":{"start":{"line":26,"column":62},"end":{"line":26,"column":63}},"loc":{"start":{"line":26,"column":77},"end":{"line":270,"column":1}}},"1":{"name":"(anonymous_1)","decl":{"start":{"line":35,"column":12},"end":{"line":35,"column":15}},"loc":{"start":{"line":35,"column":17},"end":{"line":54,"column":3}}},"2":{"name":"(anonymous_2)","decl":{"start":{"line":36,"column":28},"end":{"line":36,"column":33}},"loc":{"start":{"line":36,"column":39},"end":{"line":51,"column":5}}},"3":{"name":"(anonymous_3)","decl":{"start":{"line":56,"column":25},"end":{"line":56,"column":30}},"loc":{"start":{"line":56,"column":69},"end":{"line":73,"column":3}}},"4":{"name":"(anonymous_4)","decl":{"start":{"line":75,"column":41},"end":{"line":75,"column":42}},"loc":{"start":{"line":75,"column":62},"end":{"line":78,"column":3}}},"5":{"name":"(anonymous_5)","decl":{"start":{"line":80,"column":40},"end":{"line":80,"column":41}},"loc":{"start":{"line":80,"column":61},"end":{"line":83,"column":3}}},"6":{"name":"(anonymous_6)","decl":{"start":{"line":85,"column":39},"end":{"line":85,"column":40}},"loc":{"start":{"line":85,"column":60},"end":{"line":88,"column":3}}},"7":{"name":"(anonymous_7)","decl":{"start":{"line":90,"column":40},"end":{"line":90,"column":41}},"loc":{"start":{"line":90,"column":61},"end":{"line":93,"column":3}}},"8":{"name":"(anonymous_8)","decl":{"start":{"line":95,"column":37},"end":{"line":95,"column":38}},"loc":{"start":{"line":95,"column":58},"end":{"line":98,"column":3}}},"9":{"name":"(anonymous_9)","decl":{"start":{"line":100,"column":38},"end":{"line":100,"column":39}},"loc":{"start":{"line":100,"column":59},"end":{"line":103,"column":3}}},"10":{"name":"(anonymous_10)","decl":{"start":{"line":131,"column":23},"end":{"line":131,"column":26}},"loc":{"start":{"line":131,"column":29},"end":{"line":131,"column":80}}},"11":{"name":"(anonymous_11)","decl":{"start":{"line":152,"column":23},"end":{"line":152,"column":26}},"loc":{"start":{"line":152,"column":29},"end":{"line":152,"column":78}}},"12":{"name":"(anonymous_12)","decl":{"start":{"line":173,"column":23},"end":{"line":173,"column":26}},"loc":{"start":{"line":173,"column":29},"end":{"line":173,"column":76}}},"13":{"name":"(anonymous_13)","decl":{"start":{"line":203,"column":23},"end":{"line":203,"column":26}},"loc":{"start":{"line":203,"column":29},"end":{"line":203,"column":78}}},"14":{"name":"(anonymous_14)","decl":{"start":{"line":224,"column":23},"end":{"line":224,"column":26}},"loc":{"start":{"line":224,"column":29},"end":{"line":224,"column":72}}},"15":{"name":"(anonymous_15)","decl":{"start":{"line":254,"column":23},"end":{"line":254,"column":26}},"loc":{"start":{"line":254,"column":29},"end":{"line":254,"column":74}}}}
[...]
line":28,"column":42}}]},"3":{"loc":{"start":{"line":29,"column":17},"end":{"line":29,"column":42}},"type":"binary-expr","locations":[{"start":{"line":29,"column":17},"end":{"line":29,"column":36}},{"start":{"line":29,"column":40},"end":{"line":29,"column":42}}]},"4":{"loc":{"start":{"line":30,"column":13},"end":{"line":30,"column":34}},"type":"binary-expr","locations":[{"start":{"line":30,"column":13},"end":{"line":30,"column":28}},{"start":{"line":30,"column":32},"end":{"line":30,"column":34}}]},"5":{"loc":{"start":{"line":31,"column":15},"end":{"line":31,"column":38}},"type":"binary-expr","locations":[{"start":{"line":31,"column":15},"end":{"line":31,"column":32}},{"start":{"line":31,"column":36},"end":{"line":31,"column":38}}]},"6":{"loc":{"start":{"line":32,"column":19},"end":{"line":32,"column":46}},"type":"binary-expr","locations":[{"start":{"line":32,"column":19},"end":{"line":32,"column":40}},{"start":{"line":32,"column":44},"end":{"line":32,"column":46}}]},"7":{"loc":{"start":{"line":33,"column":15},"end":{"line":33,"column":38}},"type":"binary-expr","locations":[{"start":{"line":33,"column":15},"end":{"line":33,"column":32}},{"start":{"line":33,"column":36},"end":{"line":33,"column":38}}]},"8":{"loc":{"start":{"line":34,"column":15},"end":{"line":34,"column":38}},"type":"binary-expr","locations":[{"start":{"line":34,"column":15},"end":{"line":34,"column":32}},{"start":{"line":34,"column":36},"end":{"line":34,"column":38}}]},"9":{"loc":{"start":{"line":44,"column":2},"end":{"line":53,"column":3}},"type":"if","locations":[{"start":{"line":44,"column":2},"end":{"line":53,"column":3}}]},"10":{"loc":{"start":{"line":79,"column":6},"end":{"line":81,"column":7}},"type":"if","locations":[{"start":{"line":79,"column":6},"end":{"line":81,"column":7}}]},"11":{"loc":{"start":{"line":97,"column":6},"end":{"line":99,"column":7}},"type":"if","locations":[{"start":{"line":97,"column":6},"end":{"line":99,"column":7}}]},"12":{"loc":{"start":{"line":98,"column":31},"end":{"line":98,"column":63}},"type":"binary-expr","locations":[{"start":{"line":98,"column":31},"end":{"line":98,"column":44}},{"start":{"line":98,"column":48},"end":{"line":98,"column":63}}]}},"s":{"0":3,"1":3,"2":3,"3":0,"4":0,"5":0,"6":0,"7":3,"8":3,"9":0,"10":3,"11":3,"12":3,"13":0,"14":0,"15":0,"16":0,"17":0,"18":0,"19":0,"20":0,"21":0,"22":0,"23":3,"24":0,"25":0,"26":0,"27":0,"28":0,"29":0,"30":0,"31":0,"32":0,"33":3,"34":0,"35":3,"36":0,"37":3,"38":0,"39":0,"40":0,"41":0,"42":0,"43":0,"44":0,"45":0,"46":0,"47":0,"48":0,"49":0,"50":0,"51":0,"52":0,"53":0,"54":0,"55":0,"56":0,"57":0,"58":3,"59":3},"f":{"0":0,"1":3,"2":0,"3":0,"4":0,"5":0,"6":3,"7":0,"8":0,"9":0,"10":0,"11":0,"12":0,"13":0},"b":{"0":[0,0],"1":[0,0],"2":[0,0],"3":[0,0],"4":[0,0],"5":[0,0],"6":[0,0],"7":[0,0],"8":[0,0],"9":[0],"10":[0],"11":[0],"12":[0,0]}}
,"/mnt/c/Users/Leke/Globepay/globepay/frontend/src/store/index.ts": {"path":"/mnt/c/Users/Leke/Globepay/globepay/frontend/src/store/index.ts","statementMap":{"0":{"start":{"line":1,"column":0},"end":{"line":1,"column":50}},"1":{"start":{"line":2,"column":0},"end":{"line":2,"column":38}},"2":{"start":{"line":3,"column":0},"end":{"line":3,"column":46}},"3":{"start":{"line":4,"column":0},"end":{"line":4,"column":52}},"4":{"start":{"line":6,"column":13},"end":{"line":16,"column":3}},"5":{"start":{"line":13,"column":4},"end":{"line":15,"column":6}}},"fnMap":{"0":{"name":"(anonymous_1)","decl":{"start":{"line":12,"column":14},"end":{"line":12,"column":15}},"loc":{"start":{"line":13,"column":4},"end":{"line":15,"column":6}}}},"branchMap":{},"s":{"0":3,"1":3,"2":3,"3":3,"4":3,"5":3},"f":{"0":3},"b":{}}
,"/mnt/c/Users/Leke/Globepay/globepay/frontend/src/store/transactionSlice.ts": {"path":"/mnt/c/Users/Leke/Globepay/globepay/frontend/src/store/transactionSlice.ts","statementMap":{"0":{"start":{"line":1,"column":0},"end":{"line":1,"column":47}},"1":{"start":{"line":4,"column":39},"end":{"line":9,"column":2}},"2":{"start":{"line":11,"column":25},"end":{"line":31,"column":2}},"3":{"start":{"line":16,"column":6},"end":{"line":16,"column":42}},"4":{"start":{"line":19,"column":6},"end":{"line":19,"column":49}},"5":{"start":{"line":22,"column":6},"end":{"line":22,"column":37}},"6":{"start":{"line":25,"column":6},"end":{"line":25,"column":35}},"7":{"start":{"line":28,"column":6},"end":{"line":28,"column":25}},"8":{"start":{"line":33,"column":13},"end":{"line":33,"column":null}},"9":{"start":{"line":35,"column":0},"end":{"line":35,"column":40}}},"fnMap":{"0":{"name":"(anonymous_0)","decl":{"start":{"line":15,"column":21},"end":{"line":15,"column":22}},"loc":{"start":{"line":15,"column":39},"end":{"line":17,"column":5}}},"1":{"name":"(anonymous_1)","decl":{"start":{"line":18,"column":20},"end":{"line":18,"column":21}},"loc":{"start":{"line":18,"column":38},"end":{"line":20,"column":5}}},"2":{"name":"(anonymous_2)","decl":{"start":{"line":21,"column":16},"end":{"line":21,"column":17}},"loc":{"start":{"line":21,"column":34},"end":{"line":23,"column":5}}},"3":{"name":"(anonymous_3)","decl":{"start":{"line":24,"column":14},"end":{"line":24,"column":15}},"loc":{"start":{"line":24,"column":32},"end":{"line":26,"column":5}}},"4":{"name":"(anonymous_4)","decl":{"start":{"line":27,"column":16},"end":{"line":27,"column":17}},"loc":{"start":{"line":27,"column":26},"end":{"line":29,"column":5}}}},"branchMap":{},"s":{"0":3,"1":3,"2":3,"3":0,"4":0,"5":0,"6":0,"7":0,"8":3,"9":3},"f":{"0":0,"1":0,"2":0,"3":0,"4":0},"b":{}}
,"/mnt/c/Users/Leke/Globepay/globepay/frontend/src/store/transferSlice.ts": {"path":"/mnt/c/Users/Leke/Globepay/globepay/frontend/src/store/transferSlice.ts","statementMap":{"0":{"start":{"line":1,"column":0},"end":{"line":1,"column":80}},"1":{"start":{"line":2,"column":0},"end":{"line":2,"column":90}},"2":{"start":{"line":11,"column":36},"end":{"line":16,"column":2}},"3":{"start":{"line":18,"column":13},"end":{"line":31,"column":2}},"4":{"start":{"line":21,"column":4},"end":{"line":29,"column":5}},"5":{"start":{"line":22,"column":23},"end":{"line":22,"column":65}},"6":{"start":{"line":23,"column":6},"end":{"line":23,"column":22}},"7":{"start":{"line":25,"column":6},"end":{"line":27,"column":7}},"8":{"start":{"line":26,"column":8},"end":{"line":26,"column":77}},"9":{"start":{"line":28,"column":6},"end":{"line":28,"column":58}},"10":{"start":{"line":33,"column":13},"end":{"line":43,"column":3}},"11":{"start":{"line":34,"column":2},"end":{"line":42,"column":3}},"12":{"start":{"line":35,"column":21},"end":{"line":35,"column":57}},"13":{"start":{"line":36,"column":4},"end":{"line":36,"column":30}},"14":{"start":{"line":38,"column":4},"end":{"line":40,"column":5}},"15":{"start":{"line":39,"column":6},"end":{"line":39,"column":75}},"16":{"start":{"line":41,"column":4},"end":{"line":41,"column":56}},"17":{"start":{"line":45,"column":13},"end":{"line":58,"column":2}},"18":{"start":{"line":48,"column":4},"end":{"line":56,"column":5}},"19":{"start":{"line":49,"column":23},"end":{"line":49,"column":60}},"20":{"start":{"line":50,"column":6},"end":{"line":50,"column":22}},"21":{"start":{"line":52,"column":6},"end":{"line":54,"column":7}},"22":{"start":{"line":53,"column":8},"end":{"line":53,"column":76}},"23":{"start":{"line":55,"column":6},"end":{"line":55,"column":57}},"24":{"start":{"line":60,"column":22},"end":{"line":114,"column":2}},"25":{"start":{"line":65,"column":6},"end":{"line":65,"column":25}},"26":{"start":{"line":68,"column":6},"end":{"line":68,"column":35}},"27":{"start":{"line":72,"column":4},"end":{"line":112,"column":9}},"28":{"start":{"line":75,"column":8},"end":{"line":75,"column":29}},"29":{"start":{"line":76,"column":8},"end":{"line":76,"column":27}},"30":{"start":{"line":79,"column":8},"end":{"line":79,"column":30}},"31":{"start":{"line":80,"column":8},"end":{"line":80,"column":48}},"32":{"start":{"line":81,"column":8},"end":{"line":81,"column":47}},"33":{"start":{"line":84,"column":8},"end":{"line":84,"column":30}},"34":{"start":{"line":85,"column":8},"end":{"line":85,"column":47}},"35":{"start":{"line":89,"column":8},"end":{"line":89,"column":29}},"36":{"start":{"line":90,"column":8},"end":{"line":90,"column":27}},"37":{"start":{"line":93,"column":8},"end":{"line":93,"column":30}},"38":{"start":{"line":94,"column":8},"end":{"line":94,"column":41}},"39":{"start":{"line":97,"column":8},"end":{"line":97,"column":30}},"40":{"start":{"line":98,"column":8},"end":{"line":98,"column":47}},"41":{"start":{"line":102,"column":8},"end":{"line":102,"column":29}},"42":{"start":{"line":103,"column":8},"end":{"line":103,"column":27}},"43":{"start":{"line":106,"column":8},"end":{"line":106,"column":30}},"44":{"start":{"line":107,"column":8},"end":{"line":107,"column":47}},"45":{"start":{"line":110,"column":8},"end":{"line":110,"column":30}},"46":{"start":{"line":111,"column":8},"end":{"line":111,"column":47}},"47":{"start":{"line":116,"column":13},"end":{"line":116,"column":52}},"48":{"start":{"line":117,"column":0},"end":{"line":117,"column":37}}},"fnMap":{"0":{"name":"(anonymous_0)","decl":{"start":{"line":20,"column":2},"end":{"line":20,"column":7}},"loc":{"start":{"line":20,"column":55},"end":{"line":30,"column":3}}},"1":{"name":"(anonymous_1)","decl":{"start":{"line":33,"column":64},"end":{"line":33,"column":69}},"loc":{"start":{"line":33,"column":97},"end":{"line":43,"column":1}}},"2":{"name":"(anonymous_2)","decl":{"start":{"line":47,"column":2},"end":{"line":47,"column":7}},"loc":{"start":{"line":47,"column":44},"end":{"line":57,"column":3}}},"3":{"name":"(anonymous_3)","decl":{"start":{"line":64,"column":16},"end":{"line":64,"column":17}},"loc":{"start":{"line":64,"column":26},"end":{"line":66,"column":5}}},"4":{"name":"(anonymous_4)","decl":{"start":{"line":67,"column":26},"end":{"line":67,"column":27}},"loc":{"start":{"line":67,"column":36},"end":{"line":69,"column":5}}},"5":{"name":"(anonymous_5)","decl":{"start":{"line":71,"column":17},"end":{"line":71,"column":18}},"loc":{"start":{"line":71,"column":29},"end":{"line":113,"column":3}}},"6":{"name":"(anonymous_6)","decl":{"start":{"line":74,"column":39},"end":{"line":74,"column":40}},"loc":{"start":{"line":74,"column":49},"end":{"line":77,"column":7}}},"7":{"name":"(anonymous_7)","decl":{"start":{"line":78,"column":41},"end":{"line":78,"column":42}},"loc":{"start":{"line":78,"column":84},"end":{"line":82,"column":7}}},"8":{"name":"(anonymous_8)","decl":{"start":{"line":83,"column":40},"end":{"line":83,"column":41}},"loc":{"start":{"line":83,"column":58},"end":{"line":86,"column":7}}},"9":{"name":"(anonymous_9)","decl":{"start":{"line":88,"column":37},"end":{"line":88,"column":38}},"loc":{"start":{"line":88,"column":47},"end":{"line":91,"column":7}}},"10":{"name":"(anonymous_10)","decl":{"start":{"line":92,"column":39},"end":{"line":92,"column":40}},"loc":{"start":{"line":92,"column":84},"end":{"line":95,"column":7}}},"11":{"name":"(anonymous_11)","decl":{"start":{"line":96,"column":38},"end":{"line":96,"column":39}},"loc":{"start":{"line":96,"column":56},"end":{"line":99,"column":7}}},"12":{"name":"(anonymous_12)","decl":{"start":{"line":101,"column":36},"end":{"line":101,"column":37}},"loc":{"start":{"line":101,"column":46},"end":{"line":104,"column":7}}},"13":{"name":"(anonymous_13)","decl":{"start":{"line":105,"column":38},"end":{"line":105,"column":39}},"loc":{"start":{"line":105,"column":81},"end":{"line":108,"column":7}}},"14":{"name":"(anonymous_14)","decl":{"start":{"line":109,"column":37},"end":{"line":109,"column":38}},"loc":{"start":{"line":109,"column":55},"end":{"line":112,"column":7}}}},"branchMap":{"0":{"loc":{"start":{"line":25,"column":6},"end":{"line":27,"column":7}},"type":"if","locations":[{"start":{"line":25,"column":6},"end":{"line":27,"column":7}}]},"1":{"loc":{"start":{"line":26,"column":31},"end":{"line":26,"column":75}},"type":"binary-expr","locations":[{"start":{"line":26,"column":31},"end":{"line":26,"column":44}},{"start":{"line":26,"column":48},"end":{"line":26,"column":75}}]},"2":{"loc":{"start":{"line":38,"column":4},"end":{"line":40,"column":5}},"type":"if","locations":[{"start":{"line":38,"column":4},"end":{"line":40,"column":5}}]},"3":{"loc":{"start":{"line":39,"column":29},"end":{"line":39,"column":73}},"type":"binary-expr","locations":[{"start":{"line":39,"column":29},"end":{"line":39,"column":42}},{"start":{"line":39,"column":46},"end":{"line":39,"column":73}}]},"4":{"loc":{"start":{"line":52,"column":6},"end":{"line":54,"column":7}},"type":"if","locations":[{"start":{"line":52,"column":6},"end":{"line":54,"column":7}}]},"5":{"loc":{"start":{"line":53,"column":31},"end":{"line":53,"column":74}},"type":"binary-expr","locations":[{"start":{"line":53,"column":31},"end":{"line":53,"column":44}},{"start":{"line":53,"column":48},"end":{"line":53,"column":74}}]}},"s":{"0":3,"1":3,"2":3,"3":3,"4":0,"5":0,"6":0,"7":0,"8":0,"9":0,"10":3,"11":0,"12":0,"13":0,"14":0,"15":0,"16":0,"17":3,"18":0,"19":0,"20":0,"21":0,"22":0,"23":0,"24":3,"25":0,"26":0,"27":3,"28":0,"29":0,"30":0,"31":0,"32":0,"33":0,"34":0,"35":0,"36":0,"37":0,"38":0,"39":0,"40":0,"41":0,"42":0,"43":0,"44":0,"45":0,"46":0,"47":3,"48":3},"f":{"0":0,"1":0,"2":0,"3":0,"4":0,"5":3,"6":0,"7":0,"8":0,"9":0,"10":0,"11":0,"12":0,"13":0,"14":0},"b":{"0":[0],"1":[0,0],"2":[0],"3":[0,0],"4":[0],"5":[0,0]}}
,"/mnt/c/Users/Leke/Globepay/globepay/frontend/src/utils/countries.ts": {"path":"/mnt/c/Users/Leke/Globepay/globepay/frontend/src/utils/countries.ts","statementMap":{"0":{"start":{"line":7,"column":13},"end":{"line":24,"column":2}}},"fnMap":{},"branchMap":{},"s":{"0":0},"f":{},"b":{}}
,"/mnt/c/Users/Leke/Globepay/globepay/frontend/src/utils/format.ts": {"path":"/mnt/c/Users/Leke/Globepay/globepay/frontend/src/utils/format.ts","statementMap":{"0":{"start":{"line":1,"column":30},"end":{"line":6,"column":1}},"1":{"start":{"line":2,"column":2},"end":{"line":5,"column":20}},"2":{"start":{"line":1,"column":13},"end":{"line":1,"column":30}},"3":{"start":{"line":8,"column":26},"end":{"line":15,"column":1}},"4":{"start":{"line":9,"column":15},"end":{"line":9,"column":35}},"5":{"start":{"line":10,"column":2},"end":{"line":14,"column":5}},"6":{"start":{"line":8,"column":13},"end":{"line":8,"column":26}},"7":{"start":{"line":17,"column":30},"end":{"line":26,"column":1}},"8":{"start":{"line":18,"column":15},"end":{"line":18,"column":35}},"9":{"start":{"line":19,"column":2},"end":{"line":25,"column":5}},"10":{"start":{"line":17,"column":13},"end":{"line":17,"column":30}},"11":{"start":{"line":28,"column":26},"end":{"line":31,"column":1}},"12":{"start":{"line":29,"column":2},"end":{"line":29,"column":22}},"13":{"start":{"line":29,"column":12},"end":{"line":29,"column":22}},"14":{"start":{"line":30,"column":2},"end":{"line":30,"column":66}},"15":{"start":{"line":28,"column":13},"end":{"line":28,"column":26}},"16":{"start":{"line":33,"column":30},"end":{"line":37,"column":1}},"17":{"start":{"line":34,"column":2},"end":{"line":34,"column":22}},"18":{"start":{"line":34,"column":12},"end":{"line":34,"column":22}},"19":{"start":{"line":35,"column":2},"end":{"line":35,"column":42}},"20":{"start":{"line":35,"column":31},"end":{"line":35,"column":42}},"21":{"start":{"line":36,"column":2},"end":{"line":36,"column":45}},"22":{"start":{"line":33,"column":13},"end":{"line":33,"column":30}}},"fnMap":{"0":{"name":"(anonymous_0)","decl":{"start":{"line":1,"column":30},"end":{"line":1,"column":31}},"loc":{"start":{"line":1,"column":75},"end":{"line":6,"column":1}}},"1":{"name":"(anonymous_1)","decl":{"start":{"line":8,"column":26},"end":{"line":8,"column":27}},"loc":{"start":{"line":8,"column":57},"end":{"line":15,"column":1}}},"2":{"name":"(anonymous_2)","decl":{"start":{"line":17,"column":30},"end":{"line":17,"column":31}},"loc":{"start":{"line":17,"column":61},"end":{"line":26,"column":1}}},"3":{"name":"(anonymous_3)","decl":{"start":{"line":28,"column":26},"end":{"line":28,"column":27}},"loc":{"start":{"line":28,"column":50},"end":{"line":31,"column":1}}},"4":{"name":"(anonymous_4)","decl":{"start":{"line":33,"column":30},"end":{"line":33,"column":31}},"loc":{"start":{"line":33,"column":70},"end":{"line":37,"column":1}}}},"branchMap":{"0":{"loc":{"start":{"line":1,"column":47},"end":{"line":1,"column":63}},"type":"default-arg","locations":[{"start":{"line":1,"column":58},"end":{"line":1,"column":63}}]},"1":{"loc":{"start":{"line":29,"column":2},"end":{"line":29,"column":22}},"type":"if","locations":[{"start":{"line":29,"column":2},"end":{"line":29,"column":22}}]},"2":{"loc":{"start":{"line":33,"column":44},"end":{"line":33,"column":58}},"type":"default-arg","locations":[{"start":{"line":33,"column":56},"end":{"line":33,"column":58}}]},"3":{"loc":{"start":{"line":34,"column":2},"end":{"line":34,"column":22}},"type":"if","locations":[{"start":{"line":34,"column":2},"end":{"line":34,"column":22}}]},"4":{"loc":{"start":{"line":35,"column":2},"end":{"line":35,"column":42}},"type":"if","locations":[{"start":{"line":35,"column":2},"end":{"line":35,"column":42}}]}},"s":{"0":0,"1":0,"2":0,"3":0,"4":0,"5":0,"6":0,"7":0,"8":0,"9":0,"10":0,"11":0,"12":0,"13":0,"14":0,"15":0,"16":0,"17":0,"18":0,"19":0,"20":0,"21":0,"22":0},"f":{"0":0,"1":0,"2":0,"3":0,"4":0},"b":{"0":[0],"1":[0],"2":[0],"3":[0],"4":[0]}}
,"/mnt/c/Users/Leke/Globepay/globepay/frontend/src/utils/validation.ts": {"path":"/mnt/c/Users/Leke/Globepay/globepay/frontend/src/utils/validation.ts","statementMap":{"0":{"start":{"line":1,"column":29},"end":{"line":4,"column":1}},"1":{"start":{"line":2,"column":13},"end":{"line":2,"column":41}},"2":{"start":{"line":3,"column":2},"end":{"line":3,"column":24}},"3":{"start":{"line":1,"column":13},"end":{"line":1,"column":29}},"4":{"start":{"line":6,"column":32},"end":{"line":10,"column":1}},"5":{"start":{"line":8,"column":13},"end":{"line":8,"column":68}},"6":{"start":{"line":9,"column":2},"end":{"line":9,"column":27}},"7":{"start":{"line":6,"column":13},"end":{"line":6,"column":32}},"8":{"start":{"line":12,"column":35},"end":{"line":16,"column":1}},"9":{"start":{"line":14,"column":13},"end":{"line":14,"column":35}},"10":{"start":{"line":15,"column":2},"end":{"line":15,"column":24}},"11":{"start":{"line":12,"column":13},"end":{"line":12,"column":35}},"12":{"start":{"line":18,"column":37},"end":{"line":22,"column":1}},"13":{"start":{"line":20,"column":13},"end":{"line":20,"column":34}},"14":{"start":{"line":21,"column":2},"end":{"line":21,"column":32}},"15":{"start":{"line":18,"column":13},"end":{"line":18,"column":37}},"16":{"start":{"line":24,"column":30},"end":{"line":27,"column":1}},"17":{"start":{"line":25,"column":14},"end":{"line":25,"column":32}},"18":{"start":{"line":26,"column":2},"end":{"line":26,"column":32}},"19":{"start":{"line":24,"column":13},"end":{"line":24,"column":30}}},"fnMap":{"0":{"name":"(anonymous_0)","decl":{"start":{"line":1,"column":29},"end":{"line":1,"column":30}},"loc":{"start":{"line":1,"column":56},"end":{"line":4,"column":1}}},"1":{"name":"(anonymous_1)","decl":{"start":{"line":6,"column":32},"end":{"line":6,"column":33}},"loc":{"start":{"line":6,"column":62},"end":{"line":10,"column":1}}},"2":{"name":"(anonymous_2)","decl":{"start":{"line":12,"column":35},"end":{"line":12,"column":36}},"loc":{"start":{"line":12,"column":62},"end":{"line":16,"column":1}}},"3":{"name":"(anonymous_3)","decl":{"start":{"line":18,"column":37},"end":{"line":18,"column":38}},"loc":{"start":{"line":18,"column":72},"end":{"line":22,"column":1}}},"4":{"name":"(anonymous_4)","decl":{"start":{"line":24,"column":30},"end":{"line":24,"column":31}},"loc":{"start":{"line":24,"column":58},"end":{"line":27,"column":1}}}},"branchMap":{"0":{"loc":{"start":{"line":26,"column":9},"end":{"line":26,"column":31}},"type":"binary-expr","locations":[{"start":{"line":26,"column":9},"end":{"line":26,"column":20}},{"start":{"line":26,"column":24},"end":{"line":26,"column":31}}]}},"s":{"0":0,"1":0,"2":0,"3":0,"4":0,"5":0,"6":0,"7":0,"8":0,"9":0,"10":0,"11":0,"12":0,"13":0,"14":0,"15":0,"16":0,"17":0,"18":0,"19":0},"f":{"0":0,"1":0,"2":0,"3":0,"4":0},"b":{"0":[0,0]}}
}
